2013-12-02 23:46:46 INFO  LogClass:25 - Info
2013-12-02 23:46:46 WARN  LogClass:27 - Warn
2013-12-02 23:46:46 ERROR LogClass:29 - Error
2013-12-02 23:46:46 FATAL LogClass:31 - Fatal
2013-12-02 23:46:52 INFO  LogClass:25 - Info
2013-12-02 23:46:52 WARN  LogClass:27 - Warn
2013-12-02 23:46:52 ERROR LogClass:29 - Error
2013-12-02 23:46:52 FATAL LogClass:31 - Fatal
2013-12-03 00:38:53 INFO  LogClass:52 - Info
2013-12-03 00:38:53 WARN  LogClass:54 - Warn
2013-12-03 00:38:53 ERROR LogClass:56 - Error
2013-12-03 00:38:53 FATAL LogClass:58 - Fatal
2013-12-03 00:40:47 INFO  LogClass:52 - Info
2013-12-03 00:40:47 WARN  LogClass:54 - Warn
2013-12-03 00:40:47 ERROR LogClass:56 - Error
2013-12-03 00:40:47 FATAL LogClass:58 - Fatal
2013-12-03 00:41:35 INFO  LogClass:52 - Info
2013-12-03 00:41:35 WARN  LogClass:54 - Warn
2013-12-03 00:41:35 ERROR LogClass:56 - Error
2013-12-03 00:41:35 FATAL LogClass:58 - Fatal
2013-12-03 00:44:13 INFO  LogClass:52 - Info
2013-12-03 00:44:13 WARN  LogClass:54 - Warn
2013-12-03 00:44:13 ERROR LogClass:56 - Error
2013-12-03 00:44:13 FATAL LogClass:58 - Fatal
2013-12-03 00:44:29 INFO  LogClass:52 - Info
2013-12-03 00:44:29 WARN  LogClass:54 - Warn
2013-12-03 00:44:29 ERROR LogClass:56 - Error
2013-12-03 00:44:29 FATAL LogClass:58 - Fatal
2013-12-03 00:44:37 INFO  LogClass:52 - Info
2013-12-03 00:44:37 WARN  LogClass:54 - Warn
2013-12-03 00:44:37 ERROR LogClass:56 - Error
2013-12-03 00:44:37 FATAL LogClass:58 - Fatal
2013-12-03 00:44:40 INFO  LogClass:52 - Info
2013-12-03 00:44:40 WARN  LogClass:54 - Warn
2013-12-03 00:44:40 ERROR LogClass:56 - Error
2013-12-03 00:44:40 FATAL LogClass:58 - Fatal
2013-12-03 00:44:45 INFO  LogClass:52 - Info
2013-12-03 00:44:45 WARN  LogClass:54 - Warn
2013-12-03 00:44:45 ERROR LogClass:56 - Error
2013-12-03 00:44:45 FATAL LogClass:58 - Fatal
2013-12-03 00:46:46 INFO  LogClass:52 - Info
2013-12-03 00:46:46 WARN  LogClass:54 - Warn
2013-12-03 00:46:46 ERROR LogClass:56 - Error
2013-12-03 00:46:46 FATAL LogClass:58 - Fatal
2013-12-03 01:29:49 INFO  LogClass:55 - Info
2013-12-03 01:29:49 WARN  LogClass:57 - Warn
2013-12-03 01:29:49 ERROR LogClass:59 - Error
2013-12-03 01:29:49 FATAL LogClass:61 - Fatal
2013-12-03 01:46:19 INFO  LogClass:60 - Info
2013-12-03 01:46:19 WARN  LogClass:62 - Warn
2013-12-03 01:46:19 ERROR LogClass:64 - Error
2013-12-03 01:46:19 FATAL LogClass:66 - Fatal
2013-12-03 01:46:47 INFO  LogClass:60 - Info
2013-12-03 01:46:47 WARN  LogClass:62 - Warn
2013-12-03 01:46:47 ERROR LogClass:64 - Error
2013-12-03 01:46:47 FATAL LogClass:66 - Fatal
2013-12-03 01:50:06 INFO  LogClass:60 - Info
2013-12-03 01:50:06 WARN  LogClass:62 - Warn
2013-12-03 01:50:06 ERROR LogClass:64 - Error
2013-12-03 01:50:06 FATAL LogClass:66 - Fatal
2013-12-03 02:08:04 ERROR LogClass:68 - This is an exception
java.lang.Exception: My Exception
	at DBMS.LogClass.myMethod(LogClass.java:66)
	at DBMS.LogClass.main(LogClass.java:19)
2013-12-03 02:11:50 INFO  LogClass:26 - hello
2013-12-03 02:12:31 INFO  LogClass:26 - hello
2013-12-03 02:13:29 INFO  LogClass:26 - Program Started
2013-12-03 02:14:11 INFO  LogClass:27 - Program Started
2013-12-03 02:14:15 INFO  LogClass:19 - Program ended
2013-12-03 02:16:25 INFO  LogClass:27 - Program Started
2013-12-03 02:16:25 ERROR LogClass:28 - Program crashed
2013-12-03 02:16:34 INFO  LogClass:27 - Program Started
2013-12-03 02:19:31 INFO  LogClass:19 - Program ended
2013-12-03 02:33:10 INFO  LogClass:23 - Program Started
2013-12-03 02:33:16 INFO  LogClass:15 - Program ended
2013-12-03 13:16:48 INFO  LogClass:28 - configuring DBMS...
2013-12-03 13:16:48 INFO  LogClass:42 - DBMS configurations found  successfully
2013-12-03 13:17:20 INFO  LogClass:79 - creating data base...
2013-12-03 13:17:20 INFO  LogClass:137 - Setting data base...
2013-12-03 13:17:20 INFO  LogClass:155 - Data base set to : koko
2013-12-03 13:17:20 INFO  LogClass:131 - Data base created with name: koko
2013-12-03 13:24:36 INFO  LogClass:79 - creating data base...
2013-12-03 13:24:36 INFO  LogClass:137 - Setting data base...
2013-12-03 13:24:36 INFO  LogClass:155 - Data base set to : lolo
2013-12-03 13:24:36 INFO  LogClass:131 - Data base created with name: lolo
2013-12-03 13:24:43 INFO  LogClass:28 - configuring DBMS...
2013-12-03 13:24:43 INFO  LogClass:42 - DBMS configurations found  successfully
2013-12-03 13:24:43 INFO  LogClass:28 - configuring DBMS...
2013-12-03 13:24:43 INFO  LogClass:42 - DBMS configurations found  successfully
2013-12-03 13:24:48 INFO  LogClass:28 - configuring DBMS...
2013-12-03 13:24:48 INFO  LogClass:42 - DBMS configurations found  successfully
2013-12-03 13:24:48 INFO  LogClass:28 - configuring DBMS...
2013-12-03 13:24:48 INFO  LogClass:42 - DBMS configurations found  successfully
2013-12-03 13:24:51 INFO  LogClass:137 - Setting data base...
2013-12-03 13:24:51 INFO  LogClass:155 - Data base set to : koko
2013-12-03 13:24:51 INFO  LogClass:28 - configuring DBMS...
2013-12-03 13:24:51 INFO  LogClass:42 - DBMS configurations found  successfully
2013-12-03 13:24:51 INFO  LogClass:28 - configuring DBMS...
2013-12-03 13:24:51 INFO  LogClass:42 - DBMS configurations found  successfully
2013-12-03 13:24:51 INFO  LogClass:28 - configuring DBMS...
2013-12-03 13:24:51 INFO  LogClass:42 - DBMS configurations found  successfully
2013-12-03 13:24:51 INFO  LogClass:28 - configuring DBMS...
2013-12-03 13:24:51 INFO  LogClass:42 - DBMS configurations found  successfully
2013-12-03 13:24:54 INFO  LogClass:28 - configuring DBMS...
2013-12-03 13:24:54 INFO  LogClass:42 - DBMS configurations found  successfully
2013-12-03 13:24:54 INFO  LogClass:28 - configuring DBMS...
2013-12-03 13:24:54 INFO  LogClass:42 - DBMS configurations found  successfully
2013-12-03 13:24:57 INFO  LogClass:28 - configuring DBMS...
2013-12-03 13:24:57 INFO  LogClass:42 - DBMS configurations found  successfully
2013-12-03 13:24:57 INFO  LogClass:28 - configuring DBMS...
2013-12-03 13:24:57 INFO  LogClass:42 - DBMS configurations found  successfully
2013-12-03 13:25:43 INFO  LogClass:28 - configuring DBMS...
2013-12-03 13:25:43 INFO  LogClass:42 - DBMS configurations found  successfully
2013-12-03 13:25:43 INFO  LogClass:28 - configuring DBMS...
2013-12-03 13:25:43 INFO  LogClass:42 - DBMS configurations found  successfully
2013-12-03 13:26:47 INFO  LogClass:28 - configuring DBMS...
2013-12-03 13:26:47 INFO  LogClass:42 - DBMS configurations found  successfully
2013-12-03 13:26:47 INFO  LogClass:28 - configuring DBMS...
2013-12-03 13:26:47 INFO  LogClass:42 - DBMS configurations found  successfully
2013-12-03 13:26:59 INFO  LogClass:28 - configuring DBMS...
2013-12-03 13:26:59 INFO  LogClass:42 - DBMS configurations found  successfully
2013-12-03 13:26:59 INFO  LogClass:28 - configuring DBMS...
2013-12-03 13:26:59 INFO  LogClass:42 - DBMS configurations found  successfully
2013-12-03 13:53:00 INFO  LogClass:28 - configuring DBMS...
2013-12-03 13:53:00 INFO  LogClass:42 - DBMS configurations found  successfully
2013-12-03 13:53:00 INFO  LogClass:28 - configuring DBMS...
2013-12-03 13:53:00 INFO  LogClass:42 - DBMS configurations found  successfully
2013-12-03 13:53:04 INFO  LogClass:28 - configuring DBMS...
2013-12-03 13:53:04 INFO  LogClass:42 - DBMS configurations found  successfully
2013-12-03 13:53:04 INFO  LogClass:28 - configuring DBMS...
2013-12-03 13:53:04 INFO  LogClass:42 - DBMS configurations found  successfully
2013-12-03 13:53:05 INFO  LogClass:28 - configuring DBMS...
2013-12-03 13:53:05 INFO  LogClass:42 - DBMS configurations found  successfully
2013-12-03 13:53:05 INFO  LogClass:137 - Setting data base...
2013-12-03 13:53:05 INFO  LogClass:155 - Data base set to : koko
2013-12-03 13:53:05 INFO  LogClass:28 - configuring DBMS...
2013-12-03 13:53:05 INFO  LogClass:42 - DBMS configurations found  successfully
2013-12-03 13:53:05 INFO  LogClass:28 - configuring DBMS...
2013-12-03 13:53:05 INFO  LogClass:42 - DBMS configurations found  successfully
2013-12-03 13:53:05 INFO  LogClass:28 - configuring DBMS...
2013-12-03 13:53:05 INFO  LogClass:42 - DBMS configurations found  successfully
2013-12-03 13:53:05 INFO  LogClass:28 - configuring DBMS...
2013-12-03 13:53:05 INFO  LogClass:42 - DBMS configurations found  successfully
2013-12-03 13:53:08 INFO  LogClass:28 - configuring DBMS...
2013-12-03 13:53:08 INFO  LogClass:42 - DBMS configurations found  successfully
2013-12-03 13:53:08 INFO  LogClass:28 - configuring DBMS...
2013-12-03 13:53:08 INFO  LogClass:42 - DBMS configurations found  successfully
2013-12-03 13:53:56 INFO  LogClass:161 - Creating table...
2013-12-03 13:53:56 INFO  LogClass:169 - Table +Kami created in data base koko
2013-12-03 13:58:32 INFO  LogClass:28 - configuring DBMS...
2013-12-03 13:58:32 INFO  LogClass:42 - DBMS configurations found  successfully
2013-12-03 13:58:32 INFO  LogClass:28 - configuring DBMS...
2013-12-03 13:58:32 INFO  LogClass:42 - DBMS configurations found  successfully
2013-12-03 13:58:32 INFO  LogClass:28 - configuring DBMS...
2013-12-03 13:58:32 INFO  LogClass:42 - DBMS configurations found  successfully
2013-12-03 13:58:32 INFO  LogClass:28 - configuring DBMS...
2013-12-03 13:58:32 INFO  LogClass:42 - DBMS configurations found  successfully
2013-12-03 13:58:42 INFO  LogClass:28 - configuring DBMS...
2013-12-03 13:58:42 INFO  LogClass:42 - DBMS configurations found  successfully
2013-12-03 13:58:42 INFO  LogClass:28 - configuring DBMS...
2013-12-03 13:58:42 INFO  LogClass:42 - DBMS configurations found  successfully
2013-12-03 13:58:44 INFO  LogClass:28 - configuring DBMS...
2013-12-03 13:58:44 INFO  LogClass:42 - DBMS configurations found  successfully
2013-12-03 13:58:44 INFO  LogClass:28 - configuring DBMS...
2013-12-03 13:58:45 INFO  LogClass:42 - DBMS configurations found  successfully
2013-12-03 13:58:57 INFO  LogClass:28 - configuring DBMS...
2013-12-03 13:58:57 INFO  LogClass:42 - DBMS configurations found  successfully
2013-12-03 13:58:57 INFO  LogClass:28 - configuring DBMS...
2013-12-03 13:58:57 INFO  LogClass:42 - DBMS configurations found  successfully
2013-12-03 13:58:57 INFO  LogClass:28 - configuring DBMS...
2013-12-03 13:58:57 INFO  LogClass:42 - DBMS configurations found  successfully
2013-12-03 13:58:57 INFO  LogClass:28 - configuring DBMS...
2013-12-03 13:58:57 INFO  LogClass:42 - DBMS configurations found  successfully
2013-12-03 13:59:01 INFO  LogClass:28 - configuring DBMS...
2013-12-03 13:59:01 INFO  LogClass:42 - DBMS configurations found  successfully
2013-12-03 13:59:01 INFO  LogClass:28 - configuring DBMS...
2013-12-03 13:59:01 INFO  LogClass:42 - DBMS configurations found  successfully
2013-12-03 13:59:01 INFO  LogClass:28 - configuring DBMS...
2013-12-03 13:59:01 INFO  LogClass:42 - DBMS configurations found  successfully
2013-12-03 13:59:01 INFO  LogClass:28 - configuring DBMS...
2013-12-03 13:59:01 INFO  LogClass:42 - DBMS configurations found  successfully
2013-12-03 14:01:44 INFO  LogClass:28 - configuring DBMS...
2013-12-03 14:01:44 INFO  LogClass:42 - DBMS configurations found  successfully
2013-12-03 14:01:44 INFO  LogClass:28 - configuring DBMS...
2013-12-03 14:01:44 INFO  LogClass:42 - DBMS configurations found  successfully
2013-12-03 14:03:12 INFO  LogClass:28 - configuring DBMS...
2013-12-03 14:03:12 INFO  LogClass:42 - DBMS configurations found  successfully
2013-12-03 14:03:12 INFO  LogClass:28 - configuring DBMS...
2013-12-03 14:03:12 INFO  LogClass:42 - DBMS configurations found  successfully
2013-12-03 14:03:13 INFO  LogClass:28 - configuring DBMS...
2013-12-03 14:03:13 INFO  LogClass:42 - DBMS configurations found  successfully
2013-12-03 14:03:13 INFO  LogClass:137 - Setting data base...
2013-12-03 14:03:13 INFO  LogClass:155 - Data base set to : koko
2013-12-03 14:03:13 INFO  LogClass:28 - configuring DBMS...
2013-12-03 14:03:13 INFO  LogClass:42 - DBMS configurations found  successfully
2013-12-03 14:03:13 INFO  LogClass:28 - configuring DBMS...
2013-12-03 14:03:13 INFO  LogClass:42 - DBMS configurations found  successfully
2013-12-03 14:03:13 INFO  LogClass:28 - configuring DBMS...
2013-12-03 14:03:13 INFO  LogClass:42 - DBMS configurations found  successfully
2013-12-03 14:03:13 INFO  LogClass:28 - configuring DBMS...
2013-12-03 14:03:13 INFO  LogClass:42 - DBMS configurations found  successfully
2013-12-03 14:03:18 INFO  LogClass:28 - configuring DBMS...
2013-12-03 14:03:18 INFO  LogClass:42 - DBMS configurations found  successfully
2013-12-03 14:03:18 INFO  LogClass:28 - configuring DBMS...
2013-12-03 14:03:18 INFO  LogClass:42 - DBMS configurations found  successfully
2013-12-03 14:03:18 INFO  LogClass:28 - configuring DBMS...
2013-12-03 14:03:18 INFO  LogClass:42 - DBMS configurations found  successfully
2013-12-03 14:03:18 INFO  LogClass:28 - configuring DBMS...
2013-12-03 14:03:18 INFO  LogClass:42 - DBMS configurations found  successfully
2013-12-03 14:04:43 INFO  LogClass:28 - configuring DBMS...
2013-12-03 14:04:43 INFO  LogClass:42 - DBMS configurations found  successfully
2013-12-03 14:04:43 INFO  LogClass:28 - configuring DBMS...
2013-12-03 14:04:43 INFO  LogClass:42 - DBMS configurations found  successfully
2013-12-03 14:04:43 INFO  LogClass:28 - configuring DBMS...
2013-12-03 14:04:43 INFO  LogClass:42 - DBMS configurations found  successfully
2013-12-03 14:04:43 INFO  LogClass:28 - configuring DBMS...
2013-12-03 14:04:43 INFO  LogClass:42 - DBMS configurations found  successfully
2013-12-03 14:26:24 INFO  LogClass:28 - configuring DBMS...
2013-12-03 14:26:24 INFO  LogClass:42 - DBMS configurations found  successfully
2013-12-03 14:26:24 INFO  LogClass:28 - configuring DBMS...
2013-12-03 14:26:24 INFO  LogClass:42 - DBMS configurations found  successfully
2013-12-03 14:26:26 INFO  LogClass:28 - configuring DBMS...
2013-12-03 14:26:26 INFO  LogClass:42 - DBMS configurations found  successfully
2013-12-03 14:26:26 INFO  LogClass:28 - configuring DBMS...
2013-12-03 14:26:26 INFO  LogClass:42 - DBMS configurations found  successfully
2013-12-03 14:26:27 INFO  LogClass:28 - configuring DBMS...
2013-12-03 14:26:27 INFO  LogClass:42 - DBMS configurations found  successfully
2013-12-03 14:26:27 INFO  LogClass:137 - Setting data base...
2013-12-03 14:26:27 INFO  LogClass:155 - Data base set to : koko
2013-12-03 14:26:27 INFO  LogClass:28 - configuring DBMS...
2013-12-03 14:26:27 INFO  LogClass:42 - DBMS configurations found  successfully
2013-12-03 14:26:27 INFO  LogClass:28 - configuring DBMS...
2013-12-03 14:26:27 INFO  LogClass:42 - DBMS configurations found  successfully
2013-12-03 14:26:27 INFO  LogClass:28 - configuring DBMS...
2013-12-03 14:26:27 INFO  LogClass:42 - DBMS configurations found  successfully
2013-12-03 14:26:27 INFO  LogClass:28 - configuring DBMS...
2013-12-03 14:26:27 INFO  LogClass:42 - DBMS configurations found  successfully
2013-12-03 14:26:30 INFO  LogClass:28 - configuring DBMS...
2013-12-03 14:26:30 INFO  LogClass:42 - DBMS configurations found  successfully
2013-12-03 14:26:30 INFO  LogClass:28 - configuring DBMS...
2013-12-03 14:26:30 INFO  LogClass:42 - DBMS configurations found  successfully
2013-12-03 14:26:30 INFO  LogClass:28 - configuring DBMS...
2013-12-03 14:26:30 INFO  LogClass:42 - DBMS configurations found  successfully
2013-12-03 14:26:30 INFO  LogClass:28 - configuring DBMS...
2013-12-03 14:26:30 INFO  LogClass:42 - DBMS configurations found  successfully
2013-12-03 14:26:36 INFO  LogClass:28 - configuring DBMS...
2013-12-03 14:26:36 INFO  LogClass:42 - DBMS configurations found  successfully
2013-12-03 14:26:36 INFO  LogClass:28 - configuring DBMS...
2013-12-03 14:26:36 INFO  LogClass:42 - DBMS configurations found  successfully
2013-12-03 14:26:36 INFO  LogClass:28 - configuring DBMS...
2013-12-03 14:26:36 INFO  LogClass:42 - DBMS configurations found  successfully
2013-12-03 14:26:36 INFO  LogClass:28 - configuring DBMS...
2013-12-03 14:26:36 INFO  LogClass:42 - DBMS configurations found  successfully
2013-12-03 14:26:38 INFO  LogClass:28 - configuring DBMS...
2013-12-03 14:26:38 INFO  LogClass:42 - DBMS configurations found  successfully
2013-12-03 14:26:38 INFO  LogClass:28 - configuring DBMS...
2013-12-03 14:26:38 INFO  LogClass:42 - DBMS configurations found  successfully
2013-12-03 14:26:38 INFO  LogClass:28 - configuring DBMS...
2013-12-03 14:26:38 INFO  LogClass:42 - DBMS configurations found  successfully
2013-12-03 14:26:38 INFO  LogClass:28 - configuring DBMS...
2013-12-03 14:26:38 INFO  LogClass:42 - DBMS configurations found  successfully
2013-12-03 14:26:41 INFO  LogClass:28 - configuring DBMS...
2013-12-03 14:26:41 INFO  LogClass:42 - DBMS configurations found  successfully
2013-12-03 14:26:41 INFO  LogClass:28 - configuring DBMS...
2013-12-03 14:26:41 INFO  LogClass:42 - DBMS configurations found  successfully
2013-12-03 14:26:41 INFO  LogClass:28 - configuring DBMS...
2013-12-03 14:26:41 INFO  LogClass:42 - DBMS configurations found  successfully
2013-12-03 14:26:41 INFO  LogClass:28 - configuring DBMS...
2013-12-03 14:26:41 INFO  LogClass:42 - DBMS configurations found  successfully
2013-12-03 14:26:43 INFO  LogClass:28 - configuring DBMS...
2013-12-03 14:26:43 INFO  LogClass:42 - DBMS configurations found  successfully
2013-12-03 14:26:43 INFO  LogClass:28 - configuring DBMS...
2013-12-03 14:26:43 INFO  LogClass:42 - DBMS configurations found  successfully
2013-12-03 14:26:43 INFO  LogClass:28 - configuring DBMS...
2013-12-03 14:26:43 INFO  LogClass:42 - DBMS configurations found  successfully
2013-12-03 14:26:43 INFO  LogClass:28 - configuring DBMS...
2013-12-03 14:26:43 INFO  LogClass:42 - DBMS configurations found  successfully
2013-12-03 14:26:47 INFO  LogClass:28 - configuring DBMS...
2013-12-03 14:26:47 INFO  LogClass:42 - DBMS configurations found  successfully
2013-12-03 14:26:47 INFO  LogClass:28 - configuring DBMS...
2013-12-03 14:26:47 INFO  LogClass:42 - DBMS configurations found  successfully
2013-12-03 14:26:47 INFO  LogClass:28 - configuring DBMS...
2013-12-03 14:26:47 INFO  LogClass:42 - DBMS configurations found  successfully
2013-12-03 14:26:47 INFO  LogClass:28 - configuring DBMS...
2013-12-03 14:26:47 INFO  LogClass:42 - DBMS configurations found  successfully
2013-12-03 14:28:53 INFO  LogClass:28 - configuring DBMS...
2013-12-03 14:28:53 INFO  LogClass:42 - DBMS configurations found  successfully
2013-12-03 14:28:53 INFO  LogClass:28 - configuring DBMS...
2013-12-03 14:28:53 INFO  LogClass:42 - DBMS configurations found  successfully
2013-12-03 14:28:55 INFO  LogClass:28 - configuring DBMS...
2013-12-03 14:28:55 INFO  LogClass:42 - DBMS configurations found  successfully
2013-12-03 14:28:55 INFO  LogClass:28 - configuring DBMS...
2013-12-03 14:28:55 INFO  LogClass:42 - DBMS configurations found  successfully
2013-12-03 14:28:56 INFO  LogClass:28 - configuring DBMS...
2013-12-03 14:28:56 INFO  LogClass:42 - DBMS configurations found  successfully
2013-12-03 14:28:56 INFO  LogClass:137 - Setting data base...
2013-12-03 14:28:56 INFO  LogClass:155 - Data base set to : koko
2013-12-03 14:28:56 INFO  LogClass:28 - configuring DBMS...
2013-12-03 14:28:56 INFO  LogClass:42 - DBMS configurations found  successfully
2013-12-03 14:28:56 INFO  LogClass:28 - configuring DBMS...
2013-12-03 14:28:56 INFO  LogClass:42 - DBMS configurations found  successfully
2013-12-03 14:28:56 INFO  LogClass:28 - configuring DBMS...
2013-12-03 14:28:56 INFO  LogClass:42 - DBMS configurations found  successfully
2013-12-03 14:28:56 INFO  LogClass:28 - configuring DBMS...
2013-12-03 14:28:56 INFO  LogClass:42 - DBMS configurations found  successfully
2013-12-03 14:29:09 INFO  LogClass:28 - configuring DBMS...
2013-12-03 14:29:09 INFO  LogClass:42 - DBMS configurations found  successfully
2013-12-03 14:29:09 INFO  LogClass:28 - configuring DBMS...
2013-12-03 14:29:09 INFO  LogClass:42 - DBMS configurations found  successfully
2013-12-03 14:29:09 INFO  LogClass:28 - configuring DBMS...
2013-12-03 14:29:09 INFO  LogClass:42 - DBMS configurations found  successfully
2013-12-03 14:29:09 INFO  LogClass:28 - configuring DBMS...
2013-12-03 14:29:09 INFO  LogClass:42 - DBMS configurations found  successfully
2013-12-03 14:29:11 INFO  LogClass:28 - configuring DBMS...
2013-12-03 14:29:11 INFO  LogClass:42 - DBMS configurations found  successfully
2013-12-03 14:29:11 INFO  LogClass:28 - configuring DBMS...
2013-12-03 14:29:11 INFO  LogClass:42 - DBMS configurations found  successfully
2013-12-03 14:29:11 INFO  LogClass:28 - configuring DBMS...
2013-12-03 14:29:11 INFO  LogClass:42 - DBMS configurations found  successfully
2013-12-03 14:29:11 INFO  LogClass:28 - configuring DBMS...
2013-12-03 14:29:11 INFO  LogClass:42 - DBMS configurations found  successfully
2013-12-03 14:29:25 INFO  LogClass:28 - configuring DBMS...
2013-12-03 14:29:25 INFO  LogClass:42 - DBMS configurations found  successfully
2013-12-03 14:29:25 INFO  LogClass:28 - configuring DBMS...
2013-12-03 14:29:25 INFO  LogClass:42 - DBMS configurations found  successfully
2013-12-03 14:29:25 INFO  LogClass:28 - configuring DBMS...
2013-12-03 14:29:25 INFO  LogClass:42 - DBMS configurations found  successfully
2013-12-03 14:29:25 INFO  LogClass:28 - configuring DBMS...
2013-12-03 14:29:25 INFO  LogClass:42 - DBMS configurations found  successfully
2013-12-03 14:29:28 INFO  LogClass:28 - configuring DBMS...
2013-12-03 14:29:28 INFO  LogClass:42 - DBMS configurations found  successfully
2013-12-03 14:29:28 INFO  LogClass:28 - configuring DBMS...
2013-12-03 14:29:28 INFO  LogClass:42 - DBMS configurations found  successfully
2013-12-03 14:29:28 INFO  LogClass:28 - configuring DBMS...
2013-12-03 14:29:28 INFO  LogClass:42 - DBMS configurations found  successfully
2013-12-03 14:29:28 INFO  LogClass:28 - configuring DBMS...
2013-12-03 14:29:28 INFO  LogClass:42 - DBMS configurations found  successfully
2013-12-03 14:29:31 INFO  LogClass:28 - configuring DBMS...
2013-12-03 14:29:31 INFO  LogClass:42 - DBMS configurations found  successfully
2013-12-03 14:29:31 INFO  LogClass:28 - configuring DBMS...
2013-12-03 14:29:31 INFO  LogClass:42 - DBMS configurations found  successfully
2013-12-03 14:29:31 INFO  LogClass:28 - configuring DBMS...
2013-12-03 14:29:31 INFO  LogClass:42 - DBMS configurations found  successfully
2013-12-03 14:29:31 INFO  LogClass:28 - configuring DBMS...
2013-12-03 14:29:31 INFO  LogClass:42 - DBMS configurations found  successfully
2013-12-03 14:29:36 INFO  LogClass:28 - configuring DBMS...
2013-12-03 14:29:36 INFO  LogClass:42 - DBMS configurations found  successfully
2013-12-03 14:29:36 INFO  LogClass:28 - configuring DBMS...
2013-12-03 14:29:36 INFO  LogClass:42 - DBMS configurations found  successfully
2013-12-03 14:29:36 INFO  LogClass:28 - configuring DBMS...
2013-12-03 14:29:36 INFO  LogClass:42 - DBMS configurations found  successfully
2013-12-03 14:29:36 INFO  LogClass:28 - configuring DBMS...
2013-12-03 14:29:36 INFO  LogClass:42 - DBMS configurations found  successfully
2013-12-03 14:29:40 INFO  LogClass:28 - configuring DBMS...
2013-12-03 14:29:40 INFO  LogClass:42 - DBMS configurations found  successfully
2013-12-03 14:29:40 INFO  LogClass:28 - configuring DBMS...
2013-12-03 14:29:40 INFO  LogClass:42 - DBMS configurations found  successfully
2013-12-03 14:29:40 INFO  LogClass:28 - configuring DBMS...
2013-12-03 14:29:40 INFO  LogClass:42 - DBMS configurations found  successfully
2013-12-03 14:29:40 INFO  LogClass:28 - configuring DBMS...
2013-12-03 14:29:40 INFO  LogClass:42 - DBMS configurations found  successfully
2013-12-03 14:29:42 INFO  LogClass:28 - configuring DBMS...
2013-12-03 14:29:42 INFO  LogClass:42 - DBMS configurations found  successfully
2013-12-03 14:29:42 INFO  LogClass:28 - configuring DBMS...
2013-12-03 14:29:42 INFO  LogClass:42 - DBMS configurations found  successfully
2013-12-03 14:29:42 INFO  LogClass:28 - configuring DBMS...
2013-12-03 14:29:42 INFO  LogClass:42 - DBMS configurations found  successfully
2013-12-03 14:29:42 INFO  LogClass:28 - configuring DBMS...
2013-12-03 14:29:42 INFO  LogClass:42 - DBMS configurations found  successfully
2013-12-03 14:29:46 INFO  LogClass:28 - configuring DBMS...
2013-12-03 14:29:46 INFO  LogClass:42 - DBMS configurations found  successfully
2013-12-03 14:29:46 INFO  LogClass:28 - configuring DBMS...
2013-12-03 14:29:46 INFO  LogClass:42 - DBMS configurations found  successfully
2013-12-03 14:29:46 INFO  LogClass:28 - configuring DBMS...
2013-12-03 14:29:46 INFO  LogClass:42 - DBMS configurations found  successfully
2013-12-03 14:29:46 INFO  LogClass:28 - configuring DBMS...
2013-12-03 14:29:46 INFO  LogClass:42 - DBMS configurations found  successfully
2013-12-03 14:31:18 INFO  LogClass:28 - configuring DBMS...
2013-12-03 14:31:18 INFO  LogClass:42 - DBMS configurations found  successfully
2013-12-03 14:31:18 INFO  LogClass:28 - configuring DBMS...
2013-12-03 14:31:18 INFO  LogClass:42 - DBMS configurations found  successfully
2013-12-03 14:31:20 INFO  LogClass:28 - configuring DBMS...
2013-12-03 14:31:20 INFO  LogClass:42 - DBMS configurations found  successfully
2013-12-03 14:31:20 INFO  LogClass:28 - configuring DBMS...
2013-12-03 14:31:20 INFO  LogClass:42 - DBMS configurations found  successfully
2013-12-03 14:31:23 INFO  LogClass:28 - configuring DBMS...
2013-12-03 14:31:23 INFO  LogClass:42 - DBMS configurations found  successfully
2013-12-03 14:31:23 INFO  LogClass:137 - Setting data base...
2013-12-03 14:31:23 INFO  LogClass:155 - Data base set to : koko
2013-12-03 14:31:23 INFO  LogClass:28 - configuring DBMS...
2013-12-03 14:31:23 INFO  LogClass:42 - DBMS configurations found  successfully
2013-12-03 14:31:23 INFO  LogClass:28 - configuring DBMS...
2013-12-03 14:31:23 INFO  LogClass:42 - DBMS configurations found  successfully
2013-12-03 14:31:23 INFO  LogClass:28 - configuring DBMS...
2013-12-03 14:31:23 INFO  LogClass:42 - DBMS configurations found  successfully
2013-12-03 14:31:23 INFO  LogClass:28 - configuring DBMS...
2013-12-03 14:31:23 INFO  LogClass:42 - DBMS configurations found  successfully
2013-12-03 14:31:29 INFO  LogClass:28 - configuring DBMS...
2013-12-03 14:31:29 INFO  LogClass:42 - DBMS configurations found  successfully
2013-12-03 14:31:29 INFO  LogClass:28 - configuring DBMS...
2013-12-03 14:31:29 INFO  LogClass:42 - DBMS configurations found  successfully
2013-12-03 14:31:29 INFO  LogClass:28 - configuring DBMS...
2013-12-03 14:31:29 INFO  LogClass:42 - DBMS configurations found  successfully
2013-12-03 14:31:29 INFO  LogClass:28 - configuring DBMS...
2013-12-03 14:31:29 INFO  LogClass:42 - DBMS configurations found  successfully
2013-12-03 14:31:32 INFO  LogClass:28 - configuring DBMS...
2013-12-03 14:31:32 INFO  LogClass:42 - DBMS configurations found  successfully
2013-12-03 14:31:32 INFO  LogClass:28 - configuring DBMS...
2013-12-03 14:31:32 INFO  LogClass:42 - DBMS configurations found  successfully
2013-12-03 14:31:32 INFO  LogClass:28 - configuring DBMS...
2013-12-03 14:31:32 INFO  LogClass:42 - DBMS configurations found  successfully
2013-12-03 14:31:32 INFO  LogClass:28 - configuring DBMS...
2013-12-03 14:31:32 INFO  LogClass:42 - DBMS configurations found  successfully
2013-12-03 14:31:34 INFO  LogClass:28 - configuring DBMS...
2013-12-03 14:31:34 INFO  LogClass:42 - DBMS configurations found  successfully
2013-12-03 14:31:34 INFO  LogClass:28 - configuring DBMS...
2013-12-03 14:31:35 INFO  LogClass:42 - DBMS configurations found  successfully
2013-12-03 14:31:35 INFO  LogClass:28 - configuring DBMS...
2013-12-03 14:31:35 INFO  LogClass:42 - DBMS configurations found  successfully
2013-12-03 14:31:35 INFO  LogClass:28 - configuring DBMS...
2013-12-03 14:31:35 INFO  LogClass:42 - DBMS configurations found  successfully
2013-12-03 14:31:37 INFO  LogClass:28 - configuring DBMS...
2013-12-03 14:31:37 INFO  LogClass:42 - DBMS configurations found  successfully
2013-12-03 14:31:37 INFO  LogClass:28 - configuring DBMS...
2013-12-03 14:31:37 INFO  LogClass:42 - DBMS configurations found  successfully
2013-12-03 14:31:37 INFO  LogClass:28 - configuring DBMS...
2013-12-03 14:31:37 INFO  LogClass:42 - DBMS configurations found  successfully
2013-12-03 14:31:37 INFO  LogClass:28 - configuring DBMS...
2013-12-03 14:31:37 INFO  LogClass:42 - DBMS configurations found  successfully
2013-12-03 14:31:39 INFO  LogClass:28 - configuring DBMS...
2013-12-03 14:31:39 INFO  LogClass:42 - DBMS configurations found  successfully
2013-12-03 14:31:39 INFO  LogClass:28 - configuring DBMS...
2013-12-03 14:31:39 INFO  LogClass:42 - DBMS configurations found  successfully
2013-12-03 14:31:39 INFO  LogClass:28 - configuring DBMS...
2013-12-03 14:31:39 INFO  LogClass:42 - DBMS configurations found  successfully
2013-12-03 14:31:39 INFO  LogClass:28 - configuring DBMS...
2013-12-03 14:31:39 INFO  LogClass:42 - DBMS configurations found  successfully
2013-12-03 14:32:22 INFO  LogClass:28 - configuring DBMS...
2013-12-03 14:32:22 INFO  LogClass:42 - DBMS configurations found  successfully
2013-12-03 14:32:22 INFO  LogClass:28 - configuring DBMS...
2013-12-03 14:32:22 INFO  LogClass:42 - DBMS configurations found  successfully
2013-12-03 14:32:25 INFO  LogClass:28 - configuring DBMS...
2013-12-03 14:32:25 INFO  LogClass:42 - DBMS configurations found  successfully
2013-12-03 14:32:25 INFO  LogClass:28 - configuring DBMS...
2013-12-03 14:32:25 INFO  LogClass:42 - DBMS configurations found  successfully
2013-12-03 14:32:25 INFO  LogClass:28 - configuring DBMS...
2013-12-03 14:32:25 INFO  LogClass:42 - DBMS configurations found  successfully
2013-12-03 14:32:25 INFO  LogClass:137 - Setting data base...
2013-12-03 14:32:25 INFO  LogClass:155 - Data base set to : koko
2013-12-03 14:32:25 INFO  LogClass:28 - configuring DBMS...
2013-12-03 14:32:25 INFO  LogClass:42 - DBMS configurations found  successfully
2013-12-03 14:32:25 INFO  LogClass:28 - configuring DBMS...
2013-12-03 14:32:25 INFO  LogClass:42 - DBMS configurations found  successfully
2013-12-03 14:32:25 INFO  LogClass:28 - configuring DBMS...
2013-12-03 14:32:25 INFO  LogClass:42 - DBMS configurations found  successfully
2013-12-03 14:32:25 INFO  LogClass:28 - configuring DBMS...
2013-12-03 14:32:25 INFO  LogClass:42 - DBMS configurations found  successfully
2013-12-03 14:32:29 INFO  LogClass:28 - configuring DBMS...
2013-12-03 14:32:29 INFO  LogClass:42 - DBMS configurations found  successfully
2013-12-03 14:32:29 INFO  LogClass:28 - configuring DBMS...
2013-12-03 14:32:29 INFO  LogClass:42 - DBMS configurations found  successfully
2013-12-03 14:32:29 INFO  LogClass:28 - configuring DBMS...
2013-12-03 14:32:29 INFO  LogClass:42 - DBMS configurations found  successfully
2013-12-03 14:32:29 INFO  LogClass:28 - configuring DBMS...
2013-12-03 14:32:29 INFO  LogClass:42 - DBMS configurations found  successfully
2013-12-03 14:32:31 INFO  LogClass:28 - configuring DBMS...
2013-12-03 14:32:31 INFO  LogClass:42 - DBMS configurations found  successfully
2013-12-03 14:32:31 INFO  LogClass:28 - configuring DBMS...
2013-12-03 14:32:31 INFO  LogClass:42 - DBMS configurations found  successfully
2013-12-03 14:32:31 INFO  LogClass:28 - configuring DBMS...
2013-12-03 14:32:31 INFO  LogClass:42 - DBMS configurations found  successfully
2013-12-03 14:32:31 INFO  LogClass:28 - configuring DBMS...
2013-12-03 14:32:31 INFO  LogClass:42 - DBMS configurations found  successfully
2013-12-03 14:32:34 INFO  LogClass:28 - configuring DBMS...
2013-12-03 14:32:34 INFO  LogClass:42 - DBMS configurations found  successfully
2013-12-03 14:32:34 INFO  LogClass:28 - configuring DBMS...
2013-12-03 14:32:34 INFO  LogClass:42 - DBMS configurations found  successfully
2013-12-03 14:32:34 INFO  LogClass:28 - configuring DBMS...
2013-12-03 14:32:34 INFO  LogClass:42 - DBMS configurations found  successfully
2013-12-03 14:32:34 INFO  LogClass:28 - configuring DBMS...
2013-12-03 14:32:34 INFO  LogClass:42 - DBMS configurations found  successfully
2013-12-03 14:32:37 INFO  LogClass:28 - configuring DBMS...
2013-12-03 14:32:37 INFO  LogClass:42 - DBMS configurations found  successfully
2013-12-03 14:32:37 INFO  LogClass:28 - configuring DBMS...
2013-12-03 14:32:37 INFO  LogClass:42 - DBMS configurations found  successfully
2013-12-03 14:32:37 INFO  LogClass:28 - configuring DBMS...
2013-12-03 14:32:37 INFO  LogClass:42 - DBMS configurations found  successfully
2013-12-03 14:32:37 INFO  LogClass:28 - configuring DBMS...
2013-12-03 14:32:37 INFO  LogClass:42 - DBMS configurations found  successfully
2013-12-03 14:33:16 INFO  LogClass:28 - configuring DBMS...
2013-12-03 14:33:17 INFO  LogClass:42 - DBMS configurations found  successfully
2013-12-03 14:33:17 INFO  LogClass:28 - configuring DBMS...
2013-12-03 14:33:17 INFO  LogClass:42 - DBMS configurations found  successfully
2013-12-03 14:33:19 INFO  LogClass:28 - configuring DBMS...
2013-12-03 14:33:19 INFO  LogClass:42 - DBMS configurations found  successfully
2013-12-03 14:33:19 INFO  LogClass:28 - configuring DBMS...
2013-12-03 14:33:19 INFO  LogClass:42 - DBMS configurations found  successfully
2013-12-03 14:33:22 INFO  LogClass:28 - configuring DBMS...
2013-12-03 14:33:22 INFO  LogClass:42 - DBMS configurations found  successfully
2013-12-03 14:33:22 INFO  LogClass:28 - configuring DBMS...
2013-12-03 14:33:22 INFO  LogClass:42 - DBMS configurations found  successfully
2013-12-03 14:33:23 INFO  LogClass:28 - configuring DBMS...
2013-12-03 14:33:23 INFO  LogClass:42 - DBMS configurations found  successfully
2013-12-03 14:33:23 INFO  LogClass:137 - Setting data base...
2013-12-03 14:33:23 INFO  LogClass:155 - Data base set to : koko
2013-12-03 14:33:23 INFO  LogClass:28 - configuring DBMS...
2013-12-03 14:33:23 INFO  LogClass:42 - DBMS configurations found  successfully
2013-12-03 14:33:23 INFO  LogClass:28 - configuring DBMS...
2013-12-03 14:33:23 INFO  LogClass:42 - DBMS configurations found  successfully
2013-12-03 14:33:23 INFO  LogClass:28 - configuring DBMS...
2013-12-03 14:33:23 INFO  LogClass:42 - DBMS configurations found  successfully
2013-12-03 14:33:23 INFO  LogClass:28 - configuring DBMS...
2013-12-03 14:33:23 INFO  LogClass:42 - DBMS configurations found  successfully
2013-12-03 14:33:30 INFO  LogClass:28 - configuring DBMS...
2013-12-03 14:33:30 INFO  LogClass:42 - DBMS configurations found  successfully
2013-12-03 14:33:30 INFO  LogClass:28 - configuring DBMS...
2013-12-03 14:33:30 INFO  LogClass:42 - DBMS configurations found  successfully
2013-12-03 14:33:30 INFO  LogClass:28 - configuring DBMS...
2013-12-03 14:33:30 INFO  LogClass:42 - DBMS configurations found  successfully
2013-12-03 14:33:30 INFO  LogClass:28 - configuring DBMS...
2013-12-03 14:33:30 INFO  LogClass:42 - DBMS configurations found  successfully
2013-12-03 14:33:33 INFO  LogClass:28 - configuring DBMS...
2013-12-03 14:33:33 INFO  LogClass:42 - DBMS configurations found  successfully
2013-12-03 14:33:33 INFO  LogClass:28 - configuring DBMS...
2013-12-03 14:33:33 INFO  LogClass:42 - DBMS configurations found  successfully
2013-12-03 14:33:33 INFO  LogClass:28 - configuring DBMS...
2013-12-03 14:33:33 INFO  LogClass:42 - DBMS configurations found  successfully
2013-12-03 14:33:33 INFO  LogClass:28 - configuring DBMS...
2013-12-03 14:33:33 INFO  LogClass:42 - DBMS configurations found  successfully
2013-12-03 14:33:39 INFO  LogClass:28 - configuring DBMS...
2013-12-03 14:33:39 INFO  LogClass:42 - DBMS configurations found  successfully
2013-12-03 14:33:39 INFO  LogClass:28 - configuring DBMS...
2013-12-03 14:33:39 INFO  LogClass:42 - DBMS configurations found  successfully
2013-12-03 14:33:39 INFO  LogClass:28 - configuring DBMS...
2013-12-03 14:33:39 INFO  LogClass:42 - DBMS configurations found  successfully
2013-12-03 14:33:39 INFO  LogClass:28 - configuring DBMS...
2013-12-03 14:33:39 INFO  LogClass:42 - DBMS configurations found  successfully
2013-12-03 14:33:49 INFO  LogClass:28 - configuring DBMS...
2013-12-03 14:33:49 INFO  LogClass:42 - DBMS configurations found  successfully
2013-12-03 14:33:49 INFO  LogClass:28 - configuring DBMS...
2013-12-03 14:33:49 INFO  LogClass:42 - DBMS configurations found  successfully
2013-12-03 14:33:49 INFO  LogClass:28 - configuring DBMS...
2013-12-03 14:33:49 INFO  LogClass:42 - DBMS configurations found  successfully
2013-12-03 14:33:49 INFO  LogClass:28 - configuring DBMS...
2013-12-03 14:33:49 INFO  LogClass:42 - DBMS configurations found  successfully
2013-12-03 14:33:55 INFO  LogClass:28 - configuring DBMS...
2013-12-03 14:33:55 INFO  LogClass:42 - DBMS configurations found  successfully
2013-12-03 14:33:55 INFO  LogClass:28 - configuring DBMS...
2013-12-03 14:33:55 INFO  LogClass:42 - DBMS configurations found  successfully
2013-12-03 14:33:55 INFO  LogClass:28 - configuring DBMS...
2013-12-03 14:33:55 INFO  LogClass:42 - DBMS configurations found  successfully
2013-12-03 14:33:55 INFO  LogClass:28 - configuring DBMS...
2013-12-03 14:33:55 INFO  LogClass:42 - DBMS configurations found  successfully
2013-12-03 14:34:02 INFO  LogClass:28 - configuring DBMS...
2013-12-03 14:34:02 INFO  LogClass:42 - DBMS configurations found  successfully
2013-12-03 14:34:02 INFO  LogClass:28 - configuring DBMS...
2013-12-03 14:34:02 INFO  LogClass:42 - DBMS configurations found  successfully
2013-12-03 14:34:02 INFO  LogClass:28 - configuring DBMS...
2013-12-03 14:34:02 INFO  LogClass:42 - DBMS configurations found  successfully
2013-12-03 14:34:02 INFO  LogClass:28 - configuring DBMS...
2013-12-03 14:34:02 INFO  LogClass:42 - DBMS configurations found  successfully
2013-12-03 14:34:05 INFO  LogClass:28 - configuring DBMS...
2013-12-03 14:34:05 INFO  LogClass:42 - DBMS configurations found  successfully
2013-12-03 14:34:05 INFO  LogClass:28 - configuring DBMS...
2013-12-03 14:34:05 INFO  LogClass:42 - DBMS configurations found  successfully
2013-12-03 14:34:05 INFO  LogClass:28 - configuring DBMS...
2013-12-03 14:34:05 INFO  LogClass:42 - DBMS configurations found  successfully
2013-12-03 14:34:05 INFO  LogClass:28 - configuring DBMS...
2013-12-03 14:34:05 INFO  LogClass:42 - DBMS configurations found  successfully
2013-12-03 14:34:07 INFO  LogClass:28 - configuring DBMS...
2013-12-03 14:34:07 INFO  LogClass:42 - DBMS configurations found  successfully
2013-12-03 14:34:07 INFO  LogClass:28 - configuring DBMS...
2013-12-03 14:34:07 INFO  LogClass:42 - DBMS configurations found  successfully
2013-12-03 14:34:07 INFO  LogClass:28 - configuring DBMS...
2013-12-03 14:34:07 INFO  LogClass:42 - DBMS configurations found  successfully
2013-12-03 14:34:07 INFO  LogClass:28 - configuring DBMS...
2013-12-03 14:34:07 INFO  LogClass:42 - DBMS configurations found  successfully
2013-12-03 14:34:30 INFO  LogClass:28 - configuring DBMS...
2013-12-03 14:34:30 INFO  LogClass:42 - DBMS configurations found  successfully
2013-12-03 14:34:30 INFO  LogClass:28 - configuring DBMS...
2013-12-03 14:34:30 INFO  LogClass:42 - DBMS configurations found  successfully
2013-12-03 14:34:32 INFO  LogClass:28 - configuring DBMS...
2013-12-03 14:34:32 INFO  LogClass:42 - DBMS configurations found  successfully
2013-12-03 14:34:32 INFO  LogClass:28 - configuring DBMS...
2013-12-03 14:34:32 INFO  LogClass:42 - DBMS configurations found  successfully
2013-12-03 14:34:34 INFO  LogClass:28 - configuring DBMS...
2013-12-03 14:34:34 INFO  LogClass:42 - DBMS configurations found  successfully
2013-12-03 14:34:34 INFO  LogClass:137 - Setting data base...
2013-12-03 14:34:34 INFO  LogClass:155 - Data base set to : koko
2013-12-03 14:34:34 INFO  LogClass:28 - configuring DBMS...
2013-12-03 14:34:34 INFO  LogClass:42 - DBMS configurations found  successfully
2013-12-03 14:34:34 INFO  LogClass:28 - configuring DBMS...
2013-12-03 14:34:34 INFO  LogClass:42 - DBMS configurations found  successfully
2013-12-03 14:34:34 INFO  LogClass:28 - configuring DBMS...
2013-12-03 14:34:34 INFO  LogClass:42 - DBMS configurations found  successfully
2013-12-03 14:34:34 INFO  LogClass:28 - configuring DBMS...
2013-12-03 14:34:34 INFO  LogClass:42 - DBMS configurations found  successfully
2013-12-03 14:34:40 INFO  LogClass:28 - configuring DBMS...
2013-12-03 14:34:40 INFO  LogClass:42 - DBMS configurations found  successfully
2013-12-03 14:34:40 INFO  LogClass:28 - configuring DBMS...
2013-12-03 14:34:40 INFO  LogClass:42 - DBMS configurations found  successfully
2013-12-03 14:34:40 INFO  LogClass:28 - configuring DBMS...
2013-12-03 14:34:40 INFO  LogClass:42 - DBMS configurations found  successfully
2013-12-03 14:34:40 INFO  LogClass:28 - configuring DBMS...
2013-12-03 14:34:40 INFO  LogClass:42 - DBMS configurations found  successfully
2013-12-03 14:34:43 INFO  LogClass:28 - configuring DBMS...
2013-12-03 14:34:43 INFO  LogClass:42 - DBMS configurations found  successfully
2013-12-03 14:34:43 INFO  LogClass:28 - configuring DBMS...
2013-12-03 14:34:43 INFO  LogClass:42 - DBMS configurations found  successfully
2013-12-03 14:34:43 INFO  LogClass:28 - configuring DBMS...
2013-12-03 14:34:43 INFO  LogClass:42 - DBMS configurations found  successfully
2013-12-03 14:34:43 INFO  LogClass:28 - configuring DBMS...
2013-12-03 14:34:43 INFO  LogClass:42 - DBMS configurations found  successfully
2013-12-03 14:34:46 INFO  LogClass:28 - configuring DBMS...
2013-12-03 14:34:46 INFO  LogClass:42 - DBMS configurations found  successfully
2013-12-03 14:34:46 INFO  LogClass:28 - configuring DBMS...
2013-12-03 14:34:46 INFO  LogClass:42 - DBMS configurations found  successfully
2013-12-03 14:34:46 INFO  LogClass:28 - configuring DBMS...
2013-12-03 14:34:46 INFO  LogClass:42 - DBMS configurations found  successfully
2013-12-03 14:34:46 INFO  LogClass:28 - configuring DBMS...
2013-12-03 14:34:46 INFO  LogClass:42 - DBMS configurations found  successfully
2013-12-03 14:34:48 INFO  LogClass:28 - configuring DBMS...
2013-12-03 14:34:48 INFO  LogClass:42 - DBMS configurations found  successfully
2013-12-03 14:34:48 INFO  LogClass:28 - configuring DBMS...
2013-12-03 14:34:48 INFO  LogClass:42 - DBMS configurations found  successfully
2013-12-03 14:34:48 INFO  LogClass:28 - configuring DBMS...
2013-12-03 14:34:48 INFO  LogClass:42 - DBMS configurations found  successfully
2013-12-03 14:34:48 INFO  LogClass:28 - configuring DBMS...
2013-12-03 14:34:48 INFO  LogClass:42 - DBMS configurations found  successfully
2013-12-03 14:34:50 INFO  LogClass:28 - configuring DBMS...
2013-12-03 14:34:50 INFO  LogClass:42 - DBMS configurations found  successfully
2013-12-03 14:34:50 INFO  LogClass:28 - configuring DBMS...
2013-12-03 14:34:50 INFO  LogClass:42 - DBMS configurations found  successfully
2013-12-03 14:34:50 INFO  LogClass:28 - configuring DBMS...
2013-12-03 14:34:50 INFO  LogClass:42 - DBMS configurations found  successfully
2013-12-03 14:34:50 INFO  LogClass:28 - configuring DBMS...
2013-12-03 14:34:50 INFO  LogClass:42 - DBMS configurations found  successfully
2013-12-03 14:34:52 INFO  LogClass:28 - configuring DBMS...
2013-12-03 14:34:52 INFO  LogClass:42 - DBMS configurations found  successfully
2013-12-03 14:34:52 INFO  LogClass:28 - configuring DBMS...
2013-12-03 14:34:52 INFO  LogClass:42 - DBMS configurations found  successfully
2013-12-03 14:34:52 INFO  LogClass:28 - configuring DBMS...
2013-12-03 14:34:52 INFO  LogClass:42 - DBMS configurations found  successfully
2013-12-03 14:34:52 INFO  LogClass:28 - configuring DBMS...
2013-12-03 14:34:52 INFO  LogClass:42 - DBMS configurations found  successfully
2013-12-03 14:34:54 INFO  LogClass:28 - configuring DBMS...
2013-12-03 14:34:54 INFO  LogClass:42 - DBMS configurations found  successfully
2013-12-03 14:34:54 INFO  LogClass:28 - configuring DBMS...
2013-12-03 14:34:54 INFO  LogClass:42 - DBMS configurations found  successfully
2013-12-03 14:34:54 INFO  LogClass:28 - configuring DBMS...
2013-12-03 14:34:54 INFO  LogClass:42 - DBMS configurations found  successfully
2013-12-03 14:34:54 INFO  LogClass:28 - configuring DBMS...
2013-12-03 14:34:54 INFO  LogClass:42 - DBMS configurations found  successfully
2013-12-03 14:34:57 INFO  LogClass:28 - configuring DBMS...
2013-12-03 14:34:57 INFO  LogClass:42 - DBMS configurations found  successfully
2013-12-03 14:34:57 INFO  LogClass:28 - configuring DBMS...
2013-12-03 14:34:57 INFO  LogClass:42 - DBMS configurations found  successfully
2013-12-03 14:34:57 INFO  LogClass:28 - configuring DBMS...
2013-12-03 14:34:57 INFO  LogClass:42 - DBMS configurations found  successfully
2013-12-03 14:34:57 INFO  LogClass:28 - configuring DBMS...
2013-12-03 14:34:57 INFO  LogClass:42 - DBMS configurations found  successfully
2013-12-03 14:34:59 INFO  LogClass:28 - configuring DBMS...
2013-12-03 14:34:59 INFO  LogClass:42 - DBMS configurations found  successfully
2013-12-03 14:34:59 INFO  LogClass:28 - configuring DBMS...
2013-12-03 14:34:59 INFO  LogClass:42 - DBMS configurations found  successfully
2013-12-03 14:34:59 INFO  LogClass:28 - configuring DBMS...
2013-12-03 14:34:59 INFO  LogClass:42 - DBMS configurations found  successfully
2013-12-03 14:34:59 INFO  LogClass:28 - configuring DBMS...
2013-12-03 14:34:59 INFO  LogClass:42 - DBMS configurations found  successfully
2013-12-03 14:35:04 INFO  LogClass:28 - configuring DBMS...
2013-12-03 14:35:04 INFO  LogClass:42 - DBMS configurations found  successfully
2013-12-03 14:35:04 INFO  LogClass:28 - configuring DBMS...
2013-12-03 14:35:04 INFO  LogClass:42 - DBMS configurations found  successfully
2013-12-03 14:35:04 INFO  LogClass:28 - configuring DBMS...
2013-12-03 14:35:04 INFO  LogClass:42 - DBMS configurations found  successfully
2013-12-03 14:35:04 INFO  LogClass:28 - configuring DBMS...
2013-12-03 14:35:04 INFO  LogClass:42 - DBMS configurations found  successfully
2013-12-03 14:35:36 INFO  LogClass:28 - configuring DBMS...
2013-12-03 14:35:36 INFO  LogClass:42 - DBMS configurations found  successfully
2013-12-03 14:35:36 INFO  LogClass:28 - configuring DBMS...
2013-12-03 14:35:36 INFO  LogClass:42 - DBMS configurations found  successfully
2013-12-03 14:35:36 INFO  LogClass:28 - configuring DBMS...
2013-12-03 14:35:36 INFO  LogClass:42 - DBMS configurations found  successfully
2013-12-03 14:35:36 INFO  LogClass:28 - configuring DBMS...
2013-12-03 14:35:36 INFO  LogClass:42 - DBMS configurations found  successfully
2013-12-03 14:35:41 INFO  LogClass:28 - configuring DBMS...
2013-12-03 14:35:41 INFO  LogClass:42 - DBMS configurations found  successfully
2013-12-03 14:35:41 INFO  LogClass:28 - configuring DBMS...
2013-12-03 14:35:41 INFO  LogClass:42 - DBMS configurations found  successfully
2013-12-03 14:35:41 INFO  LogClass:28 - configuring DBMS...
2013-12-03 14:35:41 INFO  LogClass:42 - DBMS configurations found  successfully
2013-12-03 14:35:41 INFO  LogClass:28 - configuring DBMS...
2013-12-03 14:35:41 INFO  LogClass:42 - DBMS configurations found  successfully
2013-12-03 14:35:41 INFO  LogClass:28 - configuring DBMS...
2013-12-03 14:35:41 INFO  LogClass:42 - DBMS configurations found  successfully
2013-12-03 14:35:41 INFO  LogClass:28 - configuring DBMS...
2013-12-03 14:35:41 INFO  LogClass:42 - DBMS configurations found  successfully
2013-12-03 14:35:41 INFO  LogClass:28 - configuring DBMS...
2013-12-03 14:35:41 INFO  LogClass:42 - DBMS configurations found  successfully
2013-12-03 14:35:41 INFO  LogClass:28 - configuring DBMS...
2013-12-03 14:35:41 INFO  LogClass:42 - DBMS configurations found  successfully
2013-12-03 14:35:41 INFO  LogClass:28 - configuring DBMS...
2013-12-03 14:35:41 INFO  LogClass:42 - DBMS configurations found  successfully
2013-12-03 14:35:41 INFO  LogClass:28 - configuring DBMS...
2013-12-03 14:35:41 INFO  LogClass:42 - DBMS configurations found  successfully
2013-12-03 14:35:41 INFO  LogClass:28 - configuring DBMS...
2013-12-03 14:35:41 INFO  LogClass:42 - DBMS configurations found  successfully
2013-12-03 14:35:41 INFO  LogClass:28 - configuring DBMS...
2013-12-03 14:35:41 INFO  LogClass:42 - DBMS configurations found  successfully
2013-12-03 14:35:41 INFO  LogClass:28 - configuring DBMS...
2013-12-03 14:35:41 INFO  LogClass:42 - DBMS configurations found  successfully
2013-12-03 14:35:41 INFO  LogClass:28 - configuring DBMS...
2013-12-03 14:35:41 INFO  LogClass:42 - DBMS configurations found  successfully
2013-12-03 14:35:41 INFO  LogClass:28 - configuring DBMS...
2013-12-03 14:35:41 INFO  LogClass:42 - DBMS configurations found  successfully
2013-12-03 14:35:41 INFO  LogClass:28 - configuring DBMS...
2013-12-03 14:35:41 INFO  LogClass:42 - DBMS configurations found  successfully
2013-12-03 14:35:41 INFO  LogClass:28 - configuring DBMS...
2013-12-03 14:35:41 INFO  LogClass:42 - DBMS configurations found  successfully
2013-12-03 14:35:41 INFO  LogClass:28 - configuring DBMS...
2013-12-03 14:35:41 INFO  LogClass:42 - DBMS configurations found  successfully
2013-12-03 14:35:41 INFO  LogClass:28 - configuring DBMS...
2013-12-03 14:35:41 INFO  LogClass:42 - DBMS configurations found  successfully
2013-12-03 14:35:41 INFO  LogClass:28 - configuring DBMS...
2013-12-03 14:35:41 INFO  LogClass:42 - DBMS configurations found  successfully
2013-12-03 14:35:42 INFO  LogClass:28 - configuring DBMS...
2013-12-03 14:35:42 INFO  LogClass:42 - DBMS configurations found  successfully
2013-12-03 14:35:42 INFO  LogClass:28 - configuring DBMS...
2013-12-03 14:35:42 INFO  LogClass:42 - DBMS configurations found  successfully
2013-12-03 14:35:42 INFO  LogClass:28 - configuring DBMS...
2013-12-03 14:35:42 INFO  LogClass:42 - DBMS configurations found  successfully
2013-12-03 14:35:42 INFO  LogClass:28 - configuring DBMS...
2013-12-03 14:35:42 INFO  LogClass:42 - DBMS configurations found  successfully
2013-12-03 14:35:42 INFO  LogClass:28 - configuring DBMS...
2013-12-03 14:35:42 INFO  LogClass:42 - DBMS configurations found  successfully
2013-12-03 14:35:42 INFO  LogClass:28 - configuring DBMS...
2013-12-03 14:35:42 INFO  LogClass:42 - DBMS configurations found  successfully
2013-12-03 14:35:42 INFO  LogClass:28 - configuring DBMS...
2013-12-03 14:35:42 INFO  LogClass:42 - DBMS configurations found  successfully
2013-12-03 14:35:42 INFO  LogClass:28 - configuring DBMS...
2013-12-03 14:35:42 INFO  LogClass:42 - DBMS configurations found  successfully
2013-12-03 14:35:42 INFO  LogClass:28 - configuring DBMS...
2013-12-03 14:35:42 INFO  LogClass:42 - DBMS configurations found  successfully
2013-12-03 14:35:42 INFO  LogClass:28 - configuring DBMS...
2013-12-03 14:35:42 INFO  LogClass:42 - DBMS configurations found  successfully
2013-12-03 14:35:42 INFO  LogClass:28 - configuring DBMS...
2013-12-03 14:35:42 INFO  LogClass:42 - DBMS configurations found  successfully
2013-12-03 14:35:42 INFO  LogClass:28 - configuring DBMS...
2013-12-03 14:35:42 INFO  LogClass:42 - DBMS configurations found  successfully
2013-12-03 14:35:42 INFO  LogClass:28 - configuring DBMS...
2013-12-03 14:35:42 INFO  LogClass:42 - DBMS configurations found  successfully
2013-12-03 14:35:42 INFO  LogClass:28 - configuring DBMS...
2013-12-03 14:35:42 INFO  LogClass:42 - DBMS configurations found  successfully
2013-12-03 14:35:42 INFO  LogClass:28 - configuring DBMS...
2013-12-03 14:35:42 INFO  LogClass:42 - DBMS configurations found  successfully
2013-12-03 14:35:42 INFO  LogClass:28 - configuring DBMS...
2013-12-03 14:35:42 INFO  LogClass:42 - DBMS configurations found  successfully
2013-12-03 14:35:43 INFO  LogClass:220 - Using Columns insertion for data...
2013-12-03 14:35:43 INFO  LogClass:175 - Using simple insertion for data...
2013-12-03 14:35:43 INFO  LogClass:28 - configuring DBMS...
2013-12-03 14:35:43 INFO  LogClass:42 - DBMS configurations found  successfully
2013-12-03 14:35:43 INFO  LogClass:28 - configuring DBMS...
2013-12-03 14:35:43 INFO  LogClass:42 - DBMS configurations found  successfully
2013-12-03 14:35:43 INFO  LogClass:28 - configuring DBMS...
2013-12-03 14:35:43 INFO  LogClass:42 - DBMS configurations found  successfully
2013-12-03 14:35:43 INFO  LogClass:28 - configuring DBMS...
2013-12-03 14:35:43 INFO  LogClass:42 - DBMS configurations found  successfully
2013-12-03 14:35:48 INFO  LogClass:28 - configuring DBMS...
2013-12-03 14:35:48 INFO  LogClass:42 - DBMS configurations found  successfully
2013-12-03 14:35:48 INFO  LogClass:28 - configuring DBMS...
2013-12-03 14:35:48 INFO  LogClass:42 - DBMS configurations found  successfully
2013-12-03 14:35:48 INFO  LogClass:28 - configuring DBMS...
2013-12-03 14:35:48 INFO  LogClass:42 - DBMS configurations found  successfully
2013-12-03 14:35:48 INFO  LogClass:28 - configuring DBMS...
2013-12-03 14:35:48 INFO  LogClass:42 - DBMS configurations found  successfully
2013-12-03 14:35:49 INFO  LogClass:220 - Using Columns insertion for data...
2013-12-03 14:35:49 INFO  LogClass:175 - Using simple insertion for data...
2013-12-03 14:35:49 INFO  LogClass:215 - Row data inserted in Kami
2013-12-03 14:35:49 INFO  LogClass:28 - configuring DBMS...
2013-12-03 14:35:49 INFO  LogClass:42 - DBMS configurations found  successfully
2013-12-03 14:35:49 INFO  LogClass:28 - configuring DBMS...
2013-12-03 14:35:49 INFO  LogClass:42 - DBMS configurations found  successfully
2013-12-03 14:35:49 INFO  LogClass:28 - configuring DBMS...
2013-12-03 14:35:49 INFO  LogClass:42 - DBMS configurations found  successfully
2013-12-03 14:35:49 INFO  LogClass:28 - configuring DBMS...
2013-12-03 14:35:49 INFO  LogClass:42 - DBMS configurations found  successfully
2013-12-03 14:36:01 INFO  LogClass:28 - configuring DBMS...
2013-12-03 14:36:01 INFO  LogClass:42 - DBMS configurations found  successfully
2013-12-03 14:36:01 INFO  LogClass:28 - configuring DBMS...
2013-12-03 14:36:01 INFO  LogClass:42 - DBMS configurations found  successfully
2013-12-03 14:36:01 INFO  LogClass:28 - configuring DBMS...
2013-12-03 14:36:01 INFO  LogClass:42 - DBMS configurations found  successfully
2013-12-03 14:36:01 INFO  LogClass:28 - configuring DBMS...
2013-12-03 14:36:01 INFO  LogClass:42 - DBMS configurations found  successfully
2013-12-03 14:36:01 INFO  LogClass:28 - configuring DBMS...
2013-12-03 14:36:01 INFO  LogClass:42 - DBMS configurations found  successfully
2013-12-03 14:36:01 INFO  LogClass:28 - configuring DBMS...
2013-12-03 14:36:01 INFO  LogClass:42 - DBMS configurations found  successfully
2013-12-03 14:36:02 INFO  LogClass:28 - configuring DBMS...
2013-12-03 14:36:02 INFO  LogClass:42 - DBMS configurations found  successfully
2013-12-03 14:36:02 INFO  LogClass:28 - configuring DBMS...
2013-12-03 14:36:02 INFO  LogClass:42 - DBMS configurations found  successfully
2013-12-03 14:36:07 INFO  LogClass:28 - configuring DBMS...
2013-12-03 14:36:07 INFO  LogClass:42 - DBMS configurations found  successfully
2013-12-03 14:36:07 INFO  LogClass:28 - configuring DBMS...
2013-12-03 14:36:07 INFO  LogClass:42 - DBMS configurations found  successfully
2013-12-03 14:36:07 INFO  LogClass:28 - configuring DBMS...
2013-12-03 14:36:07 INFO  LogClass:42 - DBMS configurations found  successfully
2013-12-03 14:36:07 INFO  LogClass:28 - configuring DBMS...
2013-12-03 14:36:07 INFO  LogClass:42 - DBMS configurations found  successfully
2013-12-03 14:36:10 INFO  LogClass:28 - configuring DBMS...
2013-12-03 14:36:10 INFO  LogClass:42 - DBMS configurations found  successfully
2013-12-03 14:36:10 INFO  LogClass:28 - configuring DBMS...
2013-12-03 14:36:10 INFO  LogClass:42 - DBMS configurations found  successfully
2013-12-03 14:36:45 INFO  LogClass:28 - configuring DBMS...
2013-12-03 14:36:45 INFO  LogClass:42 - DBMS configurations found  successfully
2013-12-03 14:36:45 INFO  LogClass:28 - configuring DBMS...
2013-12-03 14:36:45 INFO  LogClass:42 - DBMS configurations found  successfully
2013-12-03 14:36:45 INFO  LogClass:28 - configuring DBMS...
2013-12-03 14:36:45 INFO  LogClass:42 - DBMS configurations found  successfully
2013-12-03 14:36:45 INFO  LogClass:28 - configuring DBMS...
2013-12-03 14:36:45 INFO  LogClass:42 - DBMS configurations found  successfully
2013-12-03 14:36:48 INFO  LogClass:28 - configuring DBMS...
2013-12-03 14:36:48 INFO  LogClass:42 - DBMS configurations found  successfully
2013-12-03 14:36:48 INFO  LogClass:28 - configuring DBMS...
2013-12-03 14:36:48 INFO  LogClass:42 - DBMS configurations found  successfully
2013-12-03 14:36:48 INFO  LogClass:28 - configuring DBMS...
2013-12-03 14:36:48 INFO  LogClass:42 - DBMS configurations found  successfully
2013-12-03 14:36:48 INFO  LogClass:28 - configuring DBMS...
2013-12-03 14:36:48 INFO  LogClass:42 - DBMS configurations found  successfully
2013-12-03 14:36:52 INFO  LogClass:28 - configuring DBMS...
2013-12-03 14:36:52 INFO  LogClass:42 - DBMS configurations found  successfully
2013-12-03 14:36:52 INFO  LogClass:28 - configuring DBMS...
2013-12-03 14:36:52 INFO  LogClass:42 - DBMS configurations found  successfully
2013-12-03 14:38:13 INFO  LogClass:28 - configuring DBMS...
2013-12-03 14:38:13 INFO  LogClass:42 - DBMS configurations found  successfully
2013-12-03 14:38:13 INFO  LogClass:28 - configuring DBMS...
2013-12-03 14:38:13 INFO  LogClass:42 - DBMS configurations found  successfully
2013-12-03 14:38:15 INFO  LogClass:28 - configuring DBMS...
2013-12-03 14:38:15 INFO  LogClass:42 - DBMS configurations found  successfully
2013-12-03 14:38:15 INFO  LogClass:28 - configuring DBMS...
2013-12-03 14:38:15 INFO  LogClass:42 - DBMS configurations found  successfully
2013-12-03 14:38:17 INFO  LogClass:28 - configuring DBMS...
2013-12-03 14:38:17 INFO  LogClass:42 - DBMS configurations found  successfully
2013-12-03 14:38:17 INFO  LogClass:137 - Setting data base...
2013-12-03 14:38:17 INFO  LogClass:155 - Data base set to : koko
2013-12-03 14:38:17 INFO  LogClass:28 - configuring DBMS...
2013-12-03 14:38:17 INFO  LogClass:42 - DBMS configurations found  successfully
2013-12-03 14:38:17 INFO  LogClass:28 - configuring DBMS...
2013-12-03 14:38:17 INFO  LogClass:42 - DBMS configurations found  successfully
2013-12-03 14:38:17 INFO  LogClass:28 - configuring DBMS...
2013-12-03 14:38:17 INFO  LogClass:42 - DBMS configurations found  successfully
2013-12-03 14:38:17 INFO  LogClass:28 - configuring DBMS...
2013-12-03 14:38:17 INFO  LogClass:42 - DBMS configurations found  successfully
2013-12-03 14:38:21 INFO  LogClass:28 - configuring DBMS...
2013-12-03 14:38:21 INFO  LogClass:42 - DBMS configurations found  successfully
2013-12-03 14:38:21 INFO  LogClass:28 - configuring DBMS...
2013-12-03 14:38:21 INFO  LogClass:42 - DBMS configurations found  successfully
2013-12-03 14:38:21 INFO  LogClass:28 - configuring DBMS...
2013-12-03 14:38:21 INFO  LogClass:42 - DBMS configurations found  successfully
2013-12-03 14:38:21 INFO  LogClass:28 - configuring DBMS...
2013-12-03 14:38:21 INFO  LogClass:42 - DBMS configurations found  successfully
2013-12-03 14:38:24 INFO  LogClass:28 - configuring DBMS...
2013-12-03 14:38:24 INFO  LogClass:42 - DBMS configurations found  successfully
2013-12-03 14:38:24 INFO  LogClass:28 - configuring DBMS...
2013-12-03 14:38:24 INFO  LogClass:42 - DBMS configurations found  successfully
2013-12-03 14:39:17 INFO  LogClass:28 - configuring DBMS...
2013-12-03 14:39:17 INFO  LogClass:42 - DBMS configurations found  successfully
2013-12-03 14:39:17 INFO  LogClass:28 - configuring DBMS...
2013-12-03 14:39:17 INFO  LogClass:42 - DBMS configurations found  successfully
2013-12-03 14:39:17 INFO  LogClass:28 - configuring DBMS...
2013-12-03 14:39:17 INFO  LogClass:42 - DBMS configurations found  successfully
2013-12-03 14:39:17 INFO  LogClass:28 - configuring DBMS...
2013-12-03 14:39:17 INFO  LogClass:42 - DBMS configurations found  successfully
2013-12-03 14:39:21 INFO  LogClass:28 - configuring DBMS...
2013-12-03 14:39:21 INFO  LogClass:42 - DBMS configurations found  successfully
2013-12-03 14:39:21 INFO  LogClass:28 - configuring DBMS...
2013-12-03 14:39:21 INFO  LogClass:42 - DBMS configurations found  successfully
2013-12-03 14:39:21 INFO  LogClass:28 - configuring DBMS...
2013-12-03 14:39:21 INFO  LogClass:42 - DBMS configurations found  successfully
2013-12-03 14:39:21 INFO  LogClass:28 - configuring DBMS...
2013-12-03 14:39:21 INFO  LogClass:42 - DBMS configurations found  successfully
2013-12-03 14:39:31 INFO  LogClass:28 - configuring DBMS...
2013-12-03 14:39:31 INFO  LogClass:42 - DBMS configurations found  successfully
2013-12-03 14:39:31 INFO  LogClass:28 - configuring DBMS...
2013-12-03 14:39:31 INFO  LogClass:42 - DBMS configurations found  successfully
2013-12-03 14:39:31 INFO  LogClass:28 - configuring DBMS...
2013-12-03 14:39:31 INFO  LogClass:42 - DBMS configurations found  successfully
2013-12-03 14:39:31 INFO  LogClass:28 - configuring DBMS...
2013-12-03 14:39:31 INFO  LogClass:42 - DBMS configurations found  successfully
2013-12-03 14:39:36 INFO  LogClass:28 - configuring DBMS...
2013-12-03 14:39:36 INFO  LogClass:42 - DBMS configurations found  successfully
2013-12-03 14:39:36 INFO  LogClass:28 - configuring DBMS...
2013-12-03 14:39:36 INFO  LogClass:42 - DBMS configurations found  successfully
2013-12-03 14:39:36 INFO  LogClass:28 - configuring DBMS...
2013-12-03 14:39:36 INFO  LogClass:42 - DBMS configurations found  successfully
2013-12-03 14:39:36 INFO  LogClass:28 - configuring DBMS...
2013-12-03 14:39:36 INFO  LogClass:42 - DBMS configurations found  successfully
2013-12-03 14:39:37 INFO  LogClass:28 - configuring DBMS...
2013-12-03 14:39:37 INFO  LogClass:42 - DBMS configurations found  successfully
2013-12-03 14:39:37 INFO  LogClass:28 - configuring DBMS...
2013-12-03 14:39:37 INFO  LogClass:42 - DBMS configurations found  successfully
2013-12-03 14:39:38 INFO  LogClass:28 - configuring DBMS...
2013-12-03 14:39:38 INFO  LogClass:42 - DBMS configurations found  successfully
2013-12-03 14:39:38 INFO  LogClass:28 - configuring DBMS...
2013-12-03 14:39:38 INFO  LogClass:42 - DBMS configurations found  successfully
2013-12-03 14:39:38 INFO  LogClass:28 - configuring DBMS...
2013-12-03 14:39:38 INFO  LogClass:42 - DBMS configurations found  successfully
2013-12-03 14:39:38 INFO  LogClass:28 - configuring DBMS...
2013-12-03 14:39:38 INFO  LogClass:42 - DBMS configurations found  successfully
2013-12-03 14:39:38 INFO  LogClass:28 - configuring DBMS...
2013-12-03 14:39:38 INFO  LogClass:42 - DBMS configurations found  successfully
2013-12-03 14:39:38 INFO  LogClass:28 - configuring DBMS...
2013-12-03 14:39:38 INFO  LogClass:42 - DBMS configurations found  successfully
2013-12-03 14:39:38 INFO  LogClass:28 - configuring DBMS...
2013-12-03 14:39:38 INFO  LogClass:42 - DBMS configurations found  successfully
2013-12-03 14:39:38 INFO  LogClass:28 - configuring DBMS...
2013-12-03 14:39:38 INFO  LogClass:42 - DBMS configurations found  successfully
2013-12-03 14:39:38 INFO  LogClass:28 - configuring DBMS...
2013-12-03 14:39:38 INFO  LogClass:42 - DBMS configurations found  successfully
2013-12-03 14:39:38 INFO  LogClass:28 - configuring DBMS...
2013-12-03 14:39:38 INFO  LogClass:42 - DBMS configurations found  successfully
2013-12-03 14:39:38 INFO  LogClass:28 - configuring DBMS...
2013-12-03 14:39:38 INFO  LogClass:42 - DBMS configurations found  successfully
2013-12-03 14:39:38 INFO  LogClass:28 - configuring DBMS...
2013-12-03 14:39:38 INFO  LogClass:42 - DBMS configurations found  successfully
2013-12-03 14:39:38 INFO  LogClass:28 - configuring DBMS...
2013-12-03 14:39:38 INFO  LogClass:42 - DBMS configurations found  successfully
2013-12-03 14:39:38 INFO  LogClass:28 - configuring DBMS...
2013-12-03 14:39:38 INFO  LogClass:42 - DBMS configurations found  successfully
2013-12-03 14:39:38 INFO  LogClass:28 - configuring DBMS...
2013-12-03 14:39:38 INFO  LogClass:42 - DBMS configurations found  successfully
2013-12-03 14:39:38 INFO  LogClass:28 - configuring DBMS...
2013-12-03 14:39:38 INFO  LogClass:42 - DBMS configurations found  successfully
2013-12-03 14:39:40 INFO  LogClass:28 - configuring DBMS...
2013-12-03 14:39:40 INFO  LogClass:42 - DBMS configurations found  successfully
2013-12-03 14:39:40 INFO  LogClass:28 - configuring DBMS...
2013-12-03 14:39:40 INFO  LogClass:42 - DBMS configurations found  successfully
2013-12-03 14:39:43 INFO  LogClass:28 - configuring DBMS...
2013-12-03 14:39:43 INFO  LogClass:42 - DBMS configurations found  successfully
2013-12-03 14:39:43 INFO  LogClass:28 - configuring DBMS...
2013-12-03 14:39:43 INFO  LogClass:42 - DBMS configurations found  successfully
2013-12-03 14:39:43 INFO  LogClass:28 - configuring DBMS...
2013-12-03 14:39:43 INFO  LogClass:42 - DBMS configurations found  successfully
2013-12-03 14:39:43 INFO  LogClass:28 - configuring DBMS...
2013-12-03 14:39:43 INFO  LogClass:42 - DBMS configurations found  successfully
2013-12-03 14:39:43 INFO  LogClass:28 - configuring DBMS...
2013-12-03 14:39:43 INFO  LogClass:42 - DBMS configurations found  successfully
2013-12-03 14:39:43 INFO  LogClass:28 - configuring DBMS...
2013-12-03 14:39:43 INFO  LogClass:42 - DBMS configurations found  successfully
2013-12-03 14:39:43 INFO  LogClass:28 - configuring DBMS...
2013-12-03 14:39:43 INFO  LogClass:42 - DBMS configurations found  successfully
2013-12-03 14:39:43 INFO  LogClass:28 - configuring DBMS...
2013-12-03 14:39:43 INFO  LogClass:42 - DBMS configurations found  successfully
2013-12-03 14:39:43 INFO  LogClass:28 - configuring DBMS...
2013-12-03 14:39:43 INFO  LogClass:42 - DBMS configurations found  successfully
2013-12-03 14:39:43 INFO  LogClass:28 - configuring DBMS...
2013-12-03 14:39:43 INFO  LogClass:42 - DBMS configurations found  successfully
2013-12-03 14:39:43 INFO  LogClass:28 - configuring DBMS...
2013-12-03 14:39:43 INFO  LogClass:42 - DBMS configurations found  successfully
2013-12-03 14:39:43 INFO  LogClass:28 - configuring DBMS...
2013-12-03 14:39:43 INFO  LogClass:42 - DBMS configurations found  successfully
2013-12-03 14:39:43 INFO  LogClass:28 - configuring DBMS...
2013-12-03 14:39:43 INFO  LogClass:42 - DBMS configurations found  successfully
2013-12-03 14:39:43 INFO  LogClass:28 - configuring DBMS...
2013-12-03 14:39:43 INFO  LogClass:42 - DBMS configurations found  successfully
2013-12-03 14:39:43 INFO  LogClass:28 - configuring DBMS...
2013-12-03 14:39:43 INFO  LogClass:42 - DBMS configurations found  successfully
2013-12-03 14:39:43 INFO  LogClass:28 - configuring DBMS...
2013-12-03 14:39:43 INFO  LogClass:42 - DBMS configurations found  successfully
2013-12-03 14:39:44 INFO  LogClass:28 - configuring DBMS...
2013-12-03 14:39:44 INFO  LogClass:42 - DBMS configurations found  successfully
2013-12-03 14:39:44 INFO  LogClass:28 - configuring DBMS...
2013-12-03 14:39:44 INFO  LogClass:42 - DBMS configurations found  successfully
2013-12-03 14:39:48 INFO  LogClass:28 - configuring DBMS...
2013-12-03 14:39:48 INFO  LogClass:42 - DBMS configurations found  successfully
2013-12-03 14:39:48 INFO  LogClass:28 - configuring DBMS...
2013-12-03 14:39:48 INFO  LogClass:42 - DBMS configurations found  successfully
2013-12-03 14:39:48 INFO  LogClass:28 - configuring DBMS...
2013-12-03 14:39:48 INFO  LogClass:42 - DBMS configurations found  successfully
2013-12-03 14:39:48 INFO  LogClass:28 - configuring DBMS...
2013-12-03 14:39:48 INFO  LogClass:42 - DBMS configurations found  successfully
2013-12-03 14:39:48 INFO  LogClass:28 - configuring DBMS...
2013-12-03 14:39:48 INFO  LogClass:42 - DBMS configurations found  successfully
2013-12-03 14:39:48 INFO  LogClass:28 - configuring DBMS...
2013-12-03 14:39:48 INFO  LogClass:42 - DBMS configurations found  successfully
2013-12-03 14:39:48 INFO  LogClass:28 - configuring DBMS...
2013-12-03 14:39:49 INFO  LogClass:42 - DBMS configurations found  successfully
2013-12-03 14:39:49 INFO  LogClass:28 - configuring DBMS...
2013-12-03 14:39:49 INFO  LogClass:42 - DBMS configurations found  successfully
2013-12-03 14:39:49 INFO  LogClass:28 - configuring DBMS...
2013-12-03 14:39:49 INFO  LogClass:42 - DBMS configurations found  successfully
2013-12-03 14:39:49 INFO  LogClass:28 - configuring DBMS...
2013-12-03 14:39:49 INFO  LogClass:42 - DBMS configurations found  successfully
2013-12-03 14:39:49 INFO  LogClass:28 - configuring DBMS...
2013-12-03 14:39:49 INFO  LogClass:42 - DBMS configurations found  successfully
2013-12-03 14:39:49 INFO  LogClass:28 - configuring DBMS...
2013-12-03 14:39:49 INFO  LogClass:42 - DBMS configurations found  successfully
2013-12-03 14:39:49 INFO  LogClass:28 - configuring DBMS...
2013-12-03 14:39:49 INFO  LogClass:42 - DBMS configurations found  successfully
2013-12-03 14:39:49 INFO  LogClass:28 - configuring DBMS...
2013-12-03 14:39:49 INFO  LogClass:42 - DBMS configurations found  successfully
2013-12-03 14:39:49 INFO  LogClass:28 - configuring DBMS...
2013-12-03 14:39:49 INFO  LogClass:42 - DBMS configurations found  successfully
2013-12-03 14:39:49 INFO  LogClass:28 - configuring DBMS...
2013-12-03 14:39:49 INFO  LogClass:42 - DBMS configurations found  successfully
2013-12-03 14:39:49 INFO  LogClass:28 - configuring DBMS...
2013-12-03 14:39:49 INFO  LogClass:42 - DBMS configurations found  successfully
2013-12-03 14:39:49 INFO  LogClass:28 - configuring DBMS...
2013-12-03 14:39:49 INFO  LogClass:42 - DBMS configurations found  successfully
2013-12-03 14:39:49 INFO  LogClass:28 - configuring DBMS...
2013-12-03 14:39:49 INFO  LogClass:42 - DBMS configurations found  successfully
2013-12-03 14:39:49 INFO  LogClass:28 - configuring DBMS...
2013-12-03 14:39:49 INFO  LogClass:42 - DBMS configurations found  successfully
2013-12-03 14:39:49 INFO  LogClass:28 - configuring DBMS...
2013-12-03 14:39:49 INFO  LogClass:42 - DBMS configurations found  successfully
2013-12-03 14:39:49 INFO  LogClass:28 - configuring DBMS...
2013-12-03 14:39:49 INFO  LogClass:42 - DBMS configurations found  successfully
2013-12-03 14:39:49 INFO  LogClass:28 - configuring DBMS...
2013-12-03 14:39:49 INFO  LogClass:42 - DBMS configurations found  successfully
2013-12-03 14:39:49 INFO  LogClass:28 - configuring DBMS...
2013-12-03 14:39:49 INFO  LogClass:42 - DBMS configurations found  successfully
2013-12-03 14:39:49 INFO  LogClass:28 - configuring DBMS...
2013-12-03 14:39:49 INFO  LogClass:42 - DBMS configurations found  successfully
2013-12-03 14:39:49 INFO  LogClass:28 - configuring DBMS...
2013-12-03 14:39:49 INFO  LogClass:42 - DBMS configurations found  successfully
2013-12-03 14:39:49 INFO  LogClass:28 - configuring DBMS...
2013-12-03 14:39:49 INFO  LogClass:42 - DBMS configurations found  successfully
2013-12-03 14:39:49 INFO  LogClass:28 - configuring DBMS...
2013-12-03 14:39:49 INFO  LogClass:42 - DBMS configurations found  successfully
2013-12-03 14:39:49 INFO  LogClass:28 - configuring DBMS...
2013-12-03 14:39:49 INFO  LogClass:42 - DBMS configurations found  successfully
2013-12-03 14:39:49 INFO  LogClass:28 - configuring DBMS...
2013-12-03 14:39:49 INFO  LogClass:42 - DBMS configurations found  successfully
2013-12-03 14:39:49 INFO  LogClass:28 - configuring DBMS...
2013-12-03 14:39:49 INFO  LogClass:42 - DBMS configurations found  successfully
2013-12-03 14:39:49 INFO  LogClass:28 - configuring DBMS...
2013-12-03 14:39:49 INFO  LogClass:42 - DBMS configurations found  successfully
2013-12-03 14:39:50 INFO  LogClass:28 - configuring DBMS...
2013-12-03 14:39:50 INFO  LogClass:42 - DBMS configurations found  successfully
2013-12-03 14:39:50 INFO  LogClass:28 - configuring DBMS...
2013-12-03 14:39:50 INFO  LogClass:42 - DBMS configurations found  successfully
2013-12-03 14:39:50 INFO  LogClass:28 - configuring DBMS...
2013-12-03 14:39:50 INFO  LogClass:42 - DBMS configurations found  successfully
2013-12-03 14:39:50 INFO  LogClass:28 - configuring DBMS...
2013-12-03 14:39:50 INFO  LogClass:42 - DBMS configurations found  successfully
2013-12-03 14:39:50 INFO  LogClass:28 - configuring DBMS...
2013-12-03 14:39:50 INFO  LogClass:42 - DBMS configurations found  successfully
2013-12-03 14:39:50 INFO  LogClass:28 - configuring DBMS...
2013-12-03 14:39:50 INFO  LogClass:42 - DBMS configurations found  successfully
2013-12-03 14:39:50 INFO  LogClass:28 - configuring DBMS...
2013-12-03 14:39:50 INFO  LogClass:42 - DBMS configurations found  successfully
2013-12-03 14:39:50 INFO  LogClass:28 - configuring DBMS...
2013-12-03 14:39:50 INFO  LogClass:42 - DBMS configurations found  successfully
2013-12-03 14:39:50 INFO  LogClass:28 - configuring DBMS...
2013-12-03 14:39:50 INFO  LogClass:42 - DBMS configurations found  successfully
2013-12-03 14:39:50 INFO  LogClass:28 - configuring DBMS...
2013-12-03 14:39:50 INFO  LogClass:42 - DBMS configurations found  successfully
2013-12-03 14:39:50 INFO  LogClass:28 - configuring DBMS...
2013-12-03 14:39:50 INFO  LogClass:42 - DBMS configurations found  successfully
2013-12-03 14:39:50 INFO  LogClass:28 - configuring DBMS...
2013-12-03 14:39:50 INFO  LogClass:42 - DBMS configurations found  successfully
2013-12-03 14:39:50 INFO  LogClass:28 - configuring DBMS...
2013-12-03 14:39:50 INFO  LogClass:42 - DBMS configurations found  successfully
2013-12-03 14:39:50 INFO  LogClass:28 - configuring DBMS...
2013-12-03 14:39:50 INFO  LogClass:42 - DBMS configurations found  successfully
2013-12-03 14:39:50 INFO  LogClass:28 - configuring DBMS...
2013-12-03 14:39:50 INFO  LogClass:42 - DBMS configurations found  successfully
2013-12-03 14:39:50 INFO  LogClass:28 - configuring DBMS...
2013-12-03 14:39:50 INFO  LogClass:42 - DBMS configurations found  successfully
2013-12-03 14:39:51 INFO  LogClass:28 - configuring DBMS...
2013-12-03 14:39:51 INFO  LogClass:42 - DBMS configurations found  successfully
2013-12-03 14:39:51 INFO  LogClass:28 - configuring DBMS...
2013-12-03 14:39:51 INFO  LogClass:42 - DBMS configurations found  successfully
2013-12-03 14:39:51 INFO  LogClass:28 - configuring DBMS...
2013-12-03 14:39:51 INFO  LogClass:42 - DBMS configurations found  successfully
2013-12-03 14:39:51 INFO  LogClass:28 - configuring DBMS...
2013-12-03 14:39:51 INFO  LogClass:42 - DBMS configurations found  successfully
2013-12-03 14:39:51 INFO  LogClass:28 - configuring DBMS...
2013-12-03 14:39:51 INFO  LogClass:42 - DBMS configurations found  successfully
2013-12-03 14:39:51 INFO  LogClass:28 - configuring DBMS...
2013-12-03 14:39:51 INFO  LogClass:42 - DBMS configurations found  successfully
2013-12-03 14:39:51 INFO  LogClass:28 - configuring DBMS...
2013-12-03 14:39:51 INFO  LogClass:42 - DBMS configurations found  successfully
2013-12-03 14:39:51 INFO  LogClass:28 - configuring DBMS...
2013-12-03 14:39:51 INFO  LogClass:42 - DBMS configurations found  successfully
2013-12-03 14:39:51 INFO  LogClass:28 - configuring DBMS...
2013-12-03 14:39:51 INFO  LogClass:42 - DBMS configurations found  successfully
2013-12-03 14:39:51 INFO  LogClass:28 - configuring DBMS...
2013-12-03 14:39:51 INFO  LogClass:42 - DBMS configurations found  successfully
2013-12-03 14:39:51 INFO  LogClass:28 - configuring DBMS...
2013-12-03 14:39:51 INFO  LogClass:42 - DBMS configurations found  successfully
2013-12-03 14:39:51 INFO  LogClass:28 - configuring DBMS...
2013-12-03 14:39:51 INFO  LogClass:42 - DBMS configurations found  successfully
2013-12-03 14:39:51 INFO  LogClass:28 - configuring DBMS...
2013-12-03 14:39:51 INFO  LogClass:42 - DBMS configurations found  successfully
2013-12-03 14:39:51 INFO  LogClass:28 - configuring DBMS...
2013-12-03 14:39:51 INFO  LogClass:42 - DBMS configurations found  successfully
2013-12-03 14:39:51 INFO  LogClass:28 - configuring DBMS...
2013-12-03 14:39:51 INFO  LogClass:42 - DBMS configurations found  successfully
2013-12-03 14:39:51 INFO  LogClass:28 - configuring DBMS...
2013-12-03 14:39:51 INFO  LogClass:42 - DBMS configurations found  successfully
2013-12-03 14:39:54 INFO  LogClass:220 - Using Columns insertion for data...
2013-12-03 14:39:54 INFO  LogClass:175 - Using simple insertion for data...
2013-12-03 14:39:54 INFO  LogClass:215 - Row data inserted in Kami
2013-12-03 14:39:54 INFO  LogClass:28 - configuring DBMS...
2013-12-03 14:39:54 INFO  LogClass:42 - DBMS configurations found  successfully
2013-12-03 14:39:54 INFO  LogClass:28 - configuring DBMS...
2013-12-03 14:39:54 INFO  LogClass:42 - DBMS configurations found  successfully
2013-12-03 14:39:54 INFO  LogClass:28 - configuring DBMS...
2013-12-03 14:39:54 INFO  LogClass:42 - DBMS configurations found  successfully
2013-12-03 14:39:54 INFO  LogClass:28 - configuring DBMS...
2013-12-03 14:39:54 INFO  LogClass:42 - DBMS configurations found  successfully
2013-12-03 14:40:02 INFO  LogClass:28 - configuring DBMS...
2013-12-03 14:40:02 INFO  LogClass:42 - DBMS configurations found  successfully
2013-12-03 14:40:02 INFO  LogClass:28 - configuring DBMS...
2013-12-03 14:40:02 INFO  LogClass:42 - DBMS configurations found  successfully
2013-12-03 14:40:02 INFO  LogClass:28 - configuring DBMS...
2013-12-03 14:40:02 INFO  LogClass:42 - DBMS configurations found  successfully
2013-12-03 14:40:02 INFO  LogClass:28 - configuring DBMS...
2013-12-03 14:40:02 INFO  LogClass:42 - DBMS configurations found  successfully
2013-12-03 14:40:05 INFO  LogClass:28 - configuring DBMS...
2013-12-03 14:40:05 INFO  LogClass:42 - DBMS configurations found  successfully
2013-12-03 14:40:05 INFO  LogClass:28 - configuring DBMS...
2013-12-03 14:40:05 INFO  LogClass:42 - DBMS configurations found  successfully
2013-12-03 14:40:08 INFO  LogClass:28 - configuring DBMS...
2013-12-03 14:40:08 INFO  LogClass:42 - DBMS configurations found  successfully
2013-12-03 14:40:08 INFO  LogClass:28 - configuring DBMS...
2013-12-03 14:40:08 INFO  LogClass:42 - DBMS configurations found  successfully
2013-12-03 14:40:08 INFO  LogClass:28 - configuring DBMS...
2013-12-03 14:40:08 INFO  LogClass:42 - DBMS configurations found  successfully
2013-12-03 14:40:08 INFO  LogClass:28 - configuring DBMS...
2013-12-03 14:40:08 INFO  LogClass:42 - DBMS configurations found  successfully
2013-12-03 14:40:11 INFO  LogClass:28 - configuring DBMS...
2013-12-03 14:40:11 INFO  LogClass:42 - DBMS configurations found  successfully
2013-12-03 14:40:11 INFO  LogClass:28 - configuring DBMS...
2013-12-03 14:40:11 INFO  LogClass:42 - DBMS configurations found  successfully
2013-12-03 14:40:11 INFO  LogClass:28 - configuring DBMS...
2013-12-03 14:40:11 INFO  LogClass:42 - DBMS configurations found  successfully
2013-12-03 14:40:11 INFO  LogClass:28 - configuring DBMS...
2013-12-03 14:40:11 INFO  LogClass:42 - DBMS configurations found  successfully
2013-12-03 14:40:13 INFO  LogClass:28 - configuring DBMS...
2013-12-03 14:40:13 INFO  LogClass:42 - DBMS configurations found  successfully
2013-12-03 14:40:13 INFO  LogClass:28 - configuring DBMS...
2013-12-03 14:40:13 INFO  LogClass:42 - DBMS configurations found  successfully
2013-12-03 14:40:13 INFO  LogClass:28 - configuring DBMS...
2013-12-03 14:40:13 INFO  LogClass:42 - DBMS configurations found  successfully
2013-12-03 14:40:13 INFO  LogClass:28 - configuring DBMS...
2013-12-03 14:40:13 INFO  LogClass:42 - DBMS configurations found  successfully
2013-12-03 14:40:16 INFO  LogClass:28 - configuring DBMS...
2013-12-03 14:40:16 INFO  LogClass:42 - DBMS configurations found  successfully
2013-12-03 14:40:16 INFO  LogClass:28 - configuring DBMS...
2013-12-03 14:40:16 INFO  LogClass:42 - DBMS configurations found  successfully
2013-12-03 14:40:19 INFO  LogClass:28 - configuring DBMS...
2013-12-03 14:40:19 INFO  LogClass:42 - DBMS configurations found  successfully
2013-12-03 14:40:19 INFO  LogClass:28 - configuring DBMS...
2013-12-03 14:40:19 INFO  LogClass:42 - DBMS configurations found  successfully
2013-12-03 14:40:19 INFO  LogClass:28 - configuring DBMS...
2013-12-03 14:40:19 INFO  LogClass:42 - DBMS configurations found  successfully
2013-12-03 14:40:19 INFO  LogClass:28 - configuring DBMS...
2013-12-03 14:40:19 INFO  LogClass:42 - DBMS configurations found  successfully
2013-12-03 14:40:22 INFO  LogClass:28 - configuring DBMS...
2013-12-03 14:40:22 INFO  LogClass:42 - DBMS configurations found  successfully
2013-12-03 14:40:22 INFO  LogClass:28 - configuring DBMS...
2013-12-03 14:40:22 INFO  LogClass:42 - DBMS configurations found  successfully
2013-12-03 14:40:22 INFO  LogClass:28 - configuring DBMS...
2013-12-03 14:40:22 INFO  LogClass:42 - DBMS configurations found  successfully
2013-12-03 14:40:22 INFO  LogClass:28 - configuring DBMS...
2013-12-03 14:40:22 INFO  LogClass:42 - DBMS configurations found  successfully
2013-12-03 14:40:24 INFO  LogClass:28 - configuring DBMS...
2013-12-03 14:40:25 INFO  LogClass:42 - DBMS configurations found  successfully
2013-12-03 14:40:25 INFO  LogClass:28 - configuring DBMS...
2013-12-03 14:40:25 INFO  LogClass:42 - DBMS configurations found  successfully
2013-12-03 14:40:25 INFO  LogClass:28 - configuring DBMS...
2013-12-03 14:40:25 INFO  LogClass:42 - DBMS configurations found  successfully
2013-12-03 14:40:25 INFO  LogClass:28 - configuring DBMS...
2013-12-03 14:40:25 INFO  LogClass:42 - DBMS configurations found  successfully
2013-12-03 16:10:32 INFO  LogClass:28 - configuring DBMS...
2013-12-03 16:10:32 INFO  LogClass:42 - DBMS configurations found  successfully
2013-12-03 16:10:32 INFO  LogClass:23 - Program Started
2013-12-03 16:10:56 INFO  LogClass:15 - Program ended
2013-12-03 16:11:30 INFO  LogClass:28 - configuring DBMS...
2013-12-03 16:11:30 INFO  LogClass:42 - DBMS configurations found  successfully
2013-12-03 16:11:30 INFO  LogClass:23 - Program Started
2013-12-03 16:12:04 INFO  LogClass:28 - configuring DBMS...
2013-12-03 16:12:04 INFO  LogClass:42 - DBMS configurations found  successfully
2013-12-03 16:12:04 INFO  LogClass:23 - Program Started
2013-12-03 16:12:23 INFO  LogClass:28 - configuring DBMS...
2013-12-03 16:12:23 INFO  LogClass:42 - DBMS configurations found  successfully
2013-12-03 16:12:23 INFO  LogClass:23 - Program Started
2013-12-03 16:12:46 INFO  LogClass:28 - configuring DBMS...
2013-12-03 16:12:46 INFO  LogClass:42 - DBMS configurations found  successfully
2013-12-03 16:12:46 INFO  LogClass:23 - Program Started
2013-12-03 16:13:02 INFO  LogClass:140 - Setting data base...
2013-12-03 16:13:02 ERROR LogClass:150 - Database not found
2013-12-03 16:13:20 INFO  LogClass:140 - Setting data base...
2013-12-03 16:13:20 INFO  LogClass:158 - Data base set to : koko
2013-12-03 16:16:45 INFO  LogClass:28 - configuring DBMS...
2013-12-03 16:16:45 INFO  LogClass:42 - DBMS configurations found  successfully
2013-12-03 16:16:45 INFO  LogClass:23 - Program Started
2013-12-03 16:17:20 INFO  LogClass:28 - configuring DBMS...
2013-12-03 16:17:20 INFO  LogClass:42 - DBMS configurations found  successfully
2013-12-03 16:17:20 INFO  LogClass:23 - Program Started
2013-12-03 22:44:28 INFO  LogClass:24 - Program Started
2013-12-03 22:49:23 INFO  LogClass:24 - Program Started
